{"meta": {"format": 3, "version": "7.10.7", "timestamp": "2025-10-17T09:49:23.392568", "branch_coverage": true, "show_contexts": false}, "files": {"src/adapters/__init__.py": {"executed_lines": [], "summary": {"covered_lines": 0, "num_statements": 0, "percent_covered": 100.0, "percent_covered_display": "100", "missing_lines": 0, "excluded_lines": 0, "num_branches": 0, "num_partial_branches": 0, "covered_branches": 0, "missing_branches": 0}, "missing_lines": [], "excluded_lines": [], "executed_branches": [], "missing_branches": [], "functions": {"": {"executed_lines": [], "summary": {"covered_lines": 0, "num_statements": 0, "percent_covered": 100.0, "percent_covered_display": "100", "missing_lines": 0, "excluded_lines": 0, "num_branches": 0, "num_partial_branches": 0, "covered_branches": 0, "missing_branches": 0}, "missing_lines": [], "excluded_lines": [], "executed_branches": [], "missing_branches": []}}, "classes": {"": {"executed_lines": [], "summary": {"covered_lines": 0, "num_statements": 0, "percent_covered": 100.0, "percent_covered_display": "100", "missing_lines": 0, "excluded_lines": 0, "num_branches": 0, "num_partial_branches": 0, "covered_branches": 0, "missing_branches": 0}, "missing_lines": [], "excluded_lines": [], "executed_branches": [], "missing_branches": []}}}, "src/adapters/api/__init__.py": {"executed_lines": [1, 2, 4], "summary": {"covered_lines": 3, "num_statements": 3, "percent_covered": 100.0, "percent_covered_display": "100", "missing_lines": 0, "excluded_lines": 0, "num_branches": 0, "num_partial_branches": 0, "covered_branches": 0, "missing_branches": 0}, "missing_lines": [], "excluded_lines": [], "executed_branches": [], "missing_branches": [], "functions": {"": {"executed_lines": [1, 2, 4], "summary": {"covered_lines": 3, "num_statements": 3, "percent_covered": 100.0, "percent_covered_display": "100", "missing_lines": 0, "excluded_lines": 0, "num_branches": 0, "num_partial_branches": 0, "covered_branches": 0, "missing_branches": 0}, "missing_lines": [], "excluded_lines": [], "executed_branches": [], "missing_branches": []}}, "classes": {"": {"executed_lines": [1, 2, 4], "summary": {"covered_lines": 3, "num_statements": 3, "percent_covered": 100.0, "percent_covered_display": "100", "missing_lines": 0, "excluded_lines": 0, "num_branches": 0, "num_partial_branches": 0, "covered_branches": 0, "missing_branches": 0}, "missing_lines": [], "excluded_lines": [], "executed_branches": [], "missing_branches": []}}}, "src/adapters/api/actor_middleware.py": {"executed_lines": [1, 7, 9, 10, 11, 14, 15, 22, 25, 28, 29, 30, 31, 35, 36, 37, 38, 39, 42, 44, 45, 48], "summary": {"covered_lines": 20, "num_statements": 20, "percent_covered": 100.0, "percent_covered_display": "100", "missing_lines": 0, "excluded_lines": 0, "num_branches": 2, "num_partial_branches": 0, "covered_branches": 2, "missing_branches": 0}, "missing_lines": [], "excluded_lines": [], "executed_branches": [[29, 30], [29, 44]], "missing_branches": [], "functions": {"ActorTrackingMiddleware.dispatch": {"executed_lines": [25, 28, 29, 30, 31, 35, 36, 37, 38, 39, 42, 44, 45], "summary": {"covered_lines": 13, "num_statements": 13, "percent_covered": 100.0, "percent_covered_display": "100", "missing_lines": 0, "excluded_lines": 0, "num_branches": 2, "num_partial_branches": 0, "covered_branches": 2, "missing_branches": 0}, "missing_lines": [], "excluded_lines": [], "executed_branches": [[29, 30], [29, 44]], "missing_branches": []}, "": {"executed_lines": [1, 7, 9, 10, 11, 14, 15, 22, 48], "summary": {"covered_lines": 7, "num_statements": 7, "percent_covered": 100.0, "percent_covered_display": "100", "missing_lines": 0, "excluded_lines": 0, "num_branches": 0, "num_partial_branches": 0, "covered_branches": 0, "missing_branches": 0}, "missing_lines": [], "excluded_lines": [], "executed_branches": [], "missing_branches": []}}, "classes": {"ActorTrackingMiddleware": {"executed_lines": [25, 28, 29, 30, 31, 35, 36, 37, 38, 39, 42, 44, 45], "summary": {"covered_lines": 13, "num_statements": 13, "percent_covered": 100.0, "percent_covered_display": "100", "missing_lines": 0, "excluded_lines": 0, "num_branches": 2, "num_partial_branches": 0, "covered_branches": 2, "missing_branches": 0}, "missing_lines": [], "excluded_lines": [], "executed_branches": [[29, 30], [29, 44]], "missing_branches": []}, "": {"executed_lines": [1, 7, 9, 10, 11, 14, 15, 22, 48], "summary": {"covered_lines": 7, "num_statements": 7, "percent_covered": 100.0, "percent_covered_display": "100", "missing_lines": 0, "excluded_lines": 0, "num_branches": 0, "num_partial_branches": 0, "covered_branches": 0, "missing_branches": 0}, "missing_lines": [], "excluded_lines": [], "executed_branches": [], "missing_branches": []}}}, "src/adapters/api/app.py": {"executed_lines": [1, 12, 14, 15, 16, 17, 18, 19, 20, 21, 22, 23, 24, 25, 26, 27, 28, 29, 30, 31, 32, 33, 34, 35, 36, 37, 38, 39, 42, 44, 65, 66, 69, 71, 74, 87, 88, 89, 90, 91, 92, 93, 95, 96, 97, 98, 99, 100, 104, 105, 106, 107, 108, 111, 112, 127, 128, 131, 137, 138, 139, 144, 146, 147, 150, 153, 154, 155, 156, 157, 158, 159, 160, 164, 165, 166, 168, 169, 172, 173, 174, 175, 176, 178, 179, 181, 182, 184, 185, 187, 188, 189, 190, 191, 192, 193, 194, 196, 197, 219, 220, 223, 224, 226, 235, 245, 254, 263, 269, 270, 272, 274, 277], "summary": {"covered_lines": 73, "num_statements": 86, "percent_covered": 80.20833333333333, "percent_covered_display": "80", "missing_lines": 13, "excluded_lines": 82, "num_branches": 10, "num_partial_branches": 4, "covered_branches": 4, "missing_branches": 6}, "missing_lines": [170, 171, 227, 228, 229, 230, 236, 237, 238, 239, 246, 247, 248], "excluded_lines": [1, 44, 45, 46, 47, 49, 50, 51, 52, 53, 54, 55, 56, 57, 62, 63, 65, 66, 67, 68, 87, 88, 89, 90, 91, 92, 93, 104, 105, 106, 107, 108, 111, 112, 113, 114, 115, 116, 117, 118, 119, 120, 121, 122, 123, 124, 125, 127, 128, 129, 130, 131, 132, 133, 134, 135, 137, 138, 139, 140, 141, 142, 143, 144, 146, 147, 148, 149, 150, 172, 173, 184, 185, 186, 187, 188, 189, 190, 191, 192, 193, 194], "executed_branches": [[226, 235], [235, 245], [245, 254], [269, 270]], "missing_branches": [[226, 227], [235, 236], [245, 246], [247, 248], [247, 254], [269, 272]], "functions": {"create_app": {"executed_lines": [44, 65, 66, 69, 71, 74, 87, 88, 95, 96, 97, 98, 99, 100, 104, 105, 111, 112, 127, 128, 137, 138, 146, 147, 153, 154, 155, 156, 157, 158, 159, 160, 164, 165, 166, 168, 169, 172, 173, 174, 175, 176, 178, 179, 184, 185, 196, 197, 274], "summary": {"covered_lines": 30, "num_statements": 32, "percent_covered": 93.75, "percent_covered_display": "94", "missing_lines": 2, "excluded_lines": 42, "num_branches": 0, "num_partial_branches": 0, "covered_branches": 0, "missing_branches": 0}, "missing_lines": [170, 171], "excluded_lines": [44, 45, 46, 47, 49, 50, 51, 52, 53, 54, 55, 56, 57, 62, 63, 65, 66, 67, 68, 87, 88, 104, 105, 111, 112, 113, 114, 127, 128, 129, 130, 137, 138, 146, 147, 148, 149, 172, 173, 184, 185, 186], "executed_branches": [], "missing_branches": []}, "create_app.error_envelope_middleware": {"executed_lines": [89, 90, 91, 92, 93], "summary": {"covered_lines": 0, "num_statements": 0, "percent_covered": 100.0, "percent_covered_display": "100", "missing_lines": 0, "excluded_lines": 5, "num_branches": 0, "num_partial_branches": 0, "covered_branches": 0, "missing_branches": 0}, "missing_lines": [], "excluded_lines": [89, 90, 91, 92, 93], "executed_branches": [], "missing_branches": []}, "create_app.tracing_capture_middleware": {"executed_lines": [106, 107, 108], "summary": {"covered_lines": 0, "num_statements": 0, "percent_covered": 100.0, "percent_covered_display": "100", "missing_lines": 0, "excluded_lines": 3, "num_branches": 0, "num_partial_branches": 0, "covered_branches": 0, "missing_branches": 0}, "missing_lines": [], "excluded_lines": [106, 107, 108], "executed_branches": [], "missing_branches": []}, "create_app.unhandled_exception_handler": {"executed_lines": [], "summary": {"covered_lines": 0, "num_statements": 0, "percent_covered": 100.0, "percent_covered_display": "100", "missing_lines": 0, "excluded_lines": 11, "num_branches": 0, "num_partial_branches": 0, "covered_branches": 0, "missing_branches": 0}, "missing_lines": [], "excluded_lines": [115, 116, 117, 118, 119, 120, 121, 122, 123, 124, 125], "executed_branches": [], "missing_branches": []}, "create_app.health": {"executed_lines": [131], "summary": {"covered_lines": 0, "num_statements": 0, "percent_covered": 100.0, "percent_covered_display": "100", "missing_lines": 0, "excluded_lines": 5, "num_branches": 0, "num_partial_branches": 0, "covered_branches": 0, "missing_branches": 0}, "missing_lines": [], "excluded_lines": [131, 132, 133, 134, 135], "executed_branches": [], "missing_branches": []}, "create_app.export_config": {"executed_lines": [139, 144], "summary": {"covered_lines": 0, "num_statements": 0, "percent_covered": 100.0, "percent_covered_display": "100", "missing_lines": 0, "excluded_lines": 6, "num_branches": 0, "num_partial_branches": 0, "covered_branches": 0, "missing_branches": 0}, "missing_lines": [], "excluded_lines": [139, 140, 141, 142, 143, 144], "executed_branches": [], "missing_branches": []}, "create_app.config_errors": {"executed_lines": [150], "summary": {"covered_lines": 0, "num_statements": 0, "percent_covered": 100.0, "percent_covered_display": "100", "missing_lines": 0, "excluded_lines": 1, "num_branches": 0, "num_partial_branches": 0, "covered_branches": 0, "missing_branches": 0}, "missing_lines": [], "excluded_lines": [150], "executed_branches": [], "missing_branches": []}, "create_app.metrics_prometheus": {"executed_lines": [181, 182], "summary": {"covered_lines": 2, "num_statements": 2, "percent_covered": 100.0, "percent_covered_display": "100", "missing_lines": 0, "excluded_lines": 0, "num_branches": 0, "num_partial_branches": 0, "covered_branches": 0, "missing_branches": 0}, "missing_lines": [], "excluded_lines": [], "executed_branches": [], "missing_branches": []}, "create_app.metrics_snapshot": {"executed_lines": [187, 188, 189, 190, 191, 192, 193, 194], "summary": {"covered_lines": 0, "num_statements": 0, "percent_covered": 100.0, "percent_covered_display": "100", "missing_lines": 0, "excluded_lines": 8, "num_branches": 0, "num_partial_branches": 0, "covered_branches": 0, "missing_branches": 0}, "missing_lines": [], "excluded_lines": [187, 188, 189, 190, 191, 192, 193, 194], "executed_branches": [], "missing_branches": []}, "create_app.export_logs": {"executed_lines": [219, 220, 223, 224, 226, 235, 245, 254, 263, 269, 270, 272], "summary": {"covered_lines": 12, "num_statements": 23, "percent_covered": 48.484848484848484, "percent_covered_display": "48", "missing_lines": 11, "excluded_lines": 0, "num_branches": 10, "num_partial_branches": 4, "covered_branches": 4, "missing_branches": 6}, "missing_lines": [227, 228, 229, 230, 236, 237, 238, 239, 246, 247, 248], "excluded_lines": [], "executed_branches": [[226, 235], [235, 245], [245, 254], [269, 270]], "missing_branches": [[226, 227], [235, 236], [245, 246], [247, 248], [247, 254], [269, 272]]}, "": {"executed_lines": [1, 12, 14, 15, 16, 17, 18, 19, 20, 21, 22, 23, 24, 25, 26, 27, 28, 29, 30, 31, 32, 33, 34, 35, 36, 37, 38, 39, 42, 277], "summary": {"covered_lines": 29, "num_statements": 29, "percent_covered": 100.0, "percent_covered_display": "100", "missing_lines": 0, "excluded_lines": 1, "num_branches": 0, "num_partial_branches": 0, "covered_branches": 0, "missing_branches": 0}, "missing_lines": [], "excluded_lines": [1], "executed_branches": [], "missing_branches": []}}, "classes": {"": {"executed_lines": [1, 12, 14, 15, 16, 17, 18, 19, 20, 21, 22, 23, 24, 25, 26, 27, 28, 29, 30, 31, 32, 33, 34, 35, 36, 37, 38, 39, 42, 44, 65, 66, 69, 71, 74, 87, 88, 89, 90, 91, 92, 93, 95, 96, 97, 98, 99, 100, 104, 105, 106, 107, 108, 111, 112, 127, 128, 131, 137, 138, 139, 144, 146, 147, 150, 153, 154, 155, 156, 157, 158, 159, 160, 164, 165, 166, 168, 169, 172, 173, 174, 175, 176, 178, 179, 181, 182, 184, 185, 187, 188, 189, 190, 191, 192, 193, 194, 196, 197, 219, 220, 223, 224, 226, 235, 245, 254, 263, 269, 270, 272, 274, 277], "summary": {"covered_lines": 73, "num_statements": 86, "percent_covered": 80.20833333333333, "percent_covered_display": "80", "missing_lines": 13, "excluded_lines": 82, "num_branches": 10, "num_partial_branches": 4, "covered_branches": 4, "missing_branches": 6}, "missing_lines": [170, 171, 227, 228, 229, 230, 236, 237, 238, 239, 246, 247, 248], "excluded_lines": [1, 44, 45, 46, 47, 49, 50, 51, 52, 53, 54, 55, 56, 57, 62, 63, 65, 66, 67, 68, 87, 88, 89, 90, 91, 92, 93, 104, 105, 106, 107, 108, 111, 112, 113, 114, 115, 116, 117, 118, 119, 120, 121, 122, 123, 124, 125, 127, 128, 129, 130, 131, 132, 133, 134, 135, 137, 138, 139, 140, 141, 142, 143, 144, 146, 147, 148, 149, 150, 172, 173, 184, 185, 186, 187, 188, 189, 190, 191, 192, 193, 194], "executed_branches": [[226, 235], [235, 245], [245, 254], [269, 270]], "missing_branches": [[226, 227], [235, 236], [245, 246], [247, 248], [247, 254], [269, 272]]}}}, "src/adapters/api/auth_deps.py": {"executed_lines": [1, 5, 7, 8, 9, 10, 12, 13, 14, 17, 20, 21, 23, 31, 32, 33, 34, 35, 37, 39, 41, 43, 46, 57, 58, 64, 66, 68, 71, 72, 73, 75, 83, 84, 108, 110, 112, 119, 137, 138, 141], "summary": {"covered_lines": 39, "num_statements": 49, "percent_covered": 71.1864406779661, "percent_covered_display": "71", "missing_lines": 10, "excluded_lines": 0, "num_branches": 10, "num_partial_branches": 1, "covered_branches": 3, "missing_branches": 7}, "missing_lines": [76, 86, 87, 93, 94, 100, 109, 128, 129, 133], "excluded_lines": [], "executed_branches": [[57, 58], [57, 64], [75, 83]], "missing_branches": [[75, 76], [86, 87], [86, 93], [93, 94], [93, 100], [128, 129], [128, 133]], "functions": {"AuthenticatedUser.__init__": {"executed_lines": [31, 32, 33, 34, 35], "summary": {"covered_lines": 5, "num_statements": 5, "percent_covered": 100.0, "percent_covered_display": "100", "missing_lines": 0, "excluded_lines": 0, "num_branches": 0, "num_partial_branches": 0, "covered_branches": 0, "missing_branches": 0}, "missing_lines": [], "excluded_lines": [], "executed_branches": [], "missing_branches": []}, "AuthenticatedUser.has_role": {"executed_lines": [39], "summary": {"covered_lines": 1, "num_statements": 1, "percent_covered": 100.0, "percent_covered_display": "100", "missing_lines": 0, "excluded_lines": 0, "num_branches": 0, "num_partial_branches": 0, "covered_branches": 0, "missing_branches": 0}, "missing_lines": [], "excluded_lines": [], "executed_branches": [], "missing_branches": []}, "AuthenticatedUser.is_superadmin": {"executed_lines": [43], "summary": {"covered_lines": 1, "num_statements": 1, "percent_covered": 100.0, "percent_covered_display": "100", "missing_lines": 0, "excluded_lines": 0, "num_branches": 0, "num_partial_branches": 0, "covered_branches": 0, "missing_branches": 0}, "missing_lines": [], "excluded_lines": [], "executed_branches": [], "missing_branches": []}, "get_current_user": {"executed_lines": [57, 58, 64, 66, 68, 71, 72, 73, 75, 83, 84, 108, 110, 112], "summary": {"covered_lines": 14, "num_statements": 21, "percent_covered": 58.62068965517241, "percent_covered_display": "59", "missing_lines": 7, "excluded_lines": 0, "num_branches": 8, "num_partial_branches": 1, "covered_branches": 3, "missing_branches": 5}, "missing_lines": [76, 86, 87, 93, 94, 100, 109], "excluded_lines": [], "executed_branches": [[57, 58], [57, 64], [75, 83]], "missing_branches": [[75, 76], [86, 87], [86, 93], [93, 94], [93, 100]]}, "get_current_superadmin": {"executed_lines": [], "summary": {"covered_lines": 0, "num_statements": 3, "percent_covered": 0.0, "percent_covered_display": "0", "missing_lines": 3, "excluded_lines": 0, "num_branches": 2, "num_partial_branches": 0, "covered_branches": 0, "missing_branches": 2}, "missing_lines": [128, 129, 133], "excluded_lines": [], "executed_branches": [], "missing_branches": [[128, 129], [128, 133]]}, "": {"executed_lines": [1, 5, 7, 8, 9, 10, 12, 13, 14, 17, 20, 21, 23, 37, 41, 46, 119, 137, 138, 141], "summary": {"covered_lines": 18, "num_statements": 18, "percent_covered": 100.0, "percent_covered_display": "100", "missing_lines": 0, "excluded_lines": 0, "num_branches": 0, "num_partial_branches": 0, "covered_branches": 0, "missing_branches": 0}, "missing_lines": [], "excluded_lines": [], "executed_branches": [], "missing_branches": []}}, "classes": {"AuthenticatedUser": {"executed_lines": [31, 32, 33, 34, 35, 39, 43], "summary": {"covered_lines": 7, "num_statements": 7, "percent_covered": 100.0, "percent_covered_display": "100", "missing_lines": 0, "excluded_lines": 0, "num_branches": 0, "num_partial_branches": 0, "covered_branches": 0, "missing_branches": 0}, "missing_lines": [], "excluded_lines": [], "executed_branches": [], "missing_branches": []}, "": {"executed_lines": [1, 5, 7, 8, 9, 10, 12, 13, 14, 17, 20, 21, 23, 37, 41, 46, 57, 58, 64, 66, 68, 71, 72, 73, 75, 83, 84, 108, 110, 112, 119, 137, 138, 141], "summary": {"covered_lines": 32, "num_statements": 42, "percent_covered": 67.3076923076923, "percent_covered_display": "67", "missing_lines": 10, "excluded_lines": 0, "num_branches": 10, "num_partial_branches": 1, "covered_branches": 3, "missing_branches": 7}, "missing_lines": [76, 86, 87, 93, 94, 100, 109, 128, 129, 133], "excluded_lines": [], "executed_branches": [[57, 58], [57, 64], [75, 83]], "missing_branches": [[75, 76], [86, 87], [86, 93], [93, 94], [93, 100], [128, 129], [128, 133]]}}}, "src/adapters/api/deprecation.py": {"executed_lines": [1, 6, 7, 8, 11, 19, 20, 24, 25, 27, 28, 31, 32, 33, 34, 35, 36, 38], "summary": {"covered_lines": 8, "num_statements": 13, "percent_covered": 47.05882352941177, "percent_covered_display": "47", "missing_lines": 5, "excluded_lines": 10, "num_branches": 4, "num_partial_branches": 0, "covered_branches": 0, "missing_branches": 4}, "missing_lines": [12, 13, 14, 15, 16], "excluded_lines": [27, 28, 29, 30, 31, 32, 33, 34, 35, 36], "executed_branches": [], "missing_branches": [[13, 14], [13, 15], [15, -11], [15, 16]], "functions": {"set_deprecation": {"executed_lines": [], "summary": {"covered_lines": 0, "num_statements": 5, "percent_covered": 0.0, "percent_covered_display": "0", "missing_lines": 5, "excluded_lines": 0, "num_branches": 4, "num_partial_branches": 0, "covered_branches": 0, "missing_branches": 4}, "missing_lines": [12, 13, 14, 15, 16], "excluded_lines": [], "executed_branches": [], "missing_branches": [[13, 14], [13, 15], [15, -11], [15, 16]]}, "DeprecationMiddleware.__init__": {"executed_lines": [25], "summary": {"covered_lines": 1, "num_statements": 1, "percent_covered": 100.0, "percent_covered_display": "100", "missing_lines": 0, "excluded_lines": 0, "num_branches": 0, "num_partial_branches": 0, "covered_branches": 0, "missing_branches": 0}, "missing_lines": [], "excluded_lines": [], "executed_branches": [], "missing_branches": []}, "DeprecationMiddleware.__call__": {"executed_lines": [28, 31, 36], "summary": {"covered_lines": 0, "num_statements": 0, "percent_covered": 100.0, "percent_covered_display": "100", "missing_lines": 0, "excluded_lines": 5, "num_branches": 0, "num_partial_branches": 0, "covered_branches": 0, "missing_branches": 0}, "missing_lines": [], "excluded_lines": [28, 29, 30, 31, 36], "executed_branches": [], "missing_branches": []}, "DeprecationMiddleware.__call__.send_wrapper": {"executed_lines": [32, 33, 34, 35], "summary": {"covered_lines": 0, "num_statements": 0, "percent_covered": 100.0, "percent_covered_display": "100", "missing_lines": 0, "excluded_lines": 4, "num_branches": 0, "num_partial_branches": 0, "covered_branches": 0, "missing_branches": 0}, "missing_lines": [], "excluded_lines": [32, 33, 34, 35], "executed_branches": [], "missing_branches": []}, "": {"executed_lines": [1, 6, 7, 8, 11, 19, 20, 24, 27, 38], "summary": {"covered_lines": 7, "num_statements": 7, "percent_covered": 100.0, "percent_covered_display": "100", "missing_lines": 0, "excluded_lines": 1, "num_branches": 0, "num_partial_branches": 0, "covered_branches": 0, "missing_branches": 0}, "missing_lines": [], "excluded_lines": [27], "executed_branches": [], "missing_branches": []}}, "classes": {"DeprecationMiddleware": {"executed_lines": [25, 28, 31, 32, 33, 34, 35, 36], "summary": {"covered_lines": 1, "num_statements": 1, "percent_covered": 100.0, "percent_covered_display": "100", "missing_lines": 0, "excluded_lines": 9, "num_branches": 0, "num_partial_branches": 0, "covered_branches": 0, "missing_branches": 0}, "missing_lines": [], "excluded_lines": [28, 29, 30, 31, 32, 33, 34, 35, 36], "executed_branches": [], "missing_branches": []}, "": {"executed_lines": [1, 6, 7, 8, 11, 19, 20, 24, 27, 38], "summary": {"covered_lines": 7, "num_statements": 12, "percent_covered": 43.75, "percent_covered_display": "44", "missing_lines": 5, "excluded_lines": 1, "num_branches": 4, "num_partial_branches": 0, "covered_branches": 0, "missing_branches": 4}, "missing_lines": [12, 13, 14, 15, 16], "excluded_lines": [27], "executed_branches": [], "missing_branches": [[13, 14], [13, 15], [15, -11], [15, 16]]}}}, "src/adapters/api/deps.py": {"executed_lines": [1, 6, 7, 8, 10, 11, 13, 14, 22, 23, 24, 25, 26, 27, 28, 29, 30, 31, 34, 35, 39, 40, 41, 43, 45, 46, 48, 58, 63, 64, 67, 70, 71, 72, 75, 78, 79, 80, 81, 86, 89, 97, 98, 99, 100, 101, 102, 103, 104, 109, 114, 119, 124, 129, 136, 141, 148, 149, 150, 153, 154, 156, 157, 160, 161, 162, 165, 167, 170, 177, 178, 182, 187], "summary": {"covered_lines": 71, "num_statements": 79, "percent_covered": 88.23529411764706, "percent_covered_display": "88", "missing_lines": 8, "excluded_lines": 1, "num_branches": 6, "num_partial_branches": 2, "covered_branches": 4, "missing_branches": 2}, "missing_lines": [111, 116, 121, 126, 131, 138, 145, 179], "excluded_lines": [90], "executed_branches": [[70, 71], [78, 79], [78, 86], [177, 178]], "missing_branches": [[70, 72], [177, 179]], "functions": {"AuditService.__init__": {"executed_lines": [40, 41], "summary": {"covered_lines": 2, "num_statements": 2, "percent_covered": 100.0, "percent_covered_display": "100", "missing_lines": 0, "excluded_lines": 0, "num_branches": 0, "num_partial_branches": 0, "covered_branches": 0, "missing_branches": 0}, "missing_lines": [], "excluded_lines": [], "executed_branches": [], "missing_branches": []}, "AuditService.log": {"executed_lines": [45, 46, 48, 58], "summary": {"covered_lines": 4, "num_statements": 4, "percent_covered": 100.0, "percent_covered_display": "100", "missing_lines": 0, "excluded_lines": 0, "num_branches": 0, "num_partial_branches": 0, "covered_branches": 0, "missing_branches": 0}, "missing_lines": [], "excluded_lines": [], "executed_branches": [], "missing_branches": []}, "get_db_config": {"executed_lines": [70, 71, 72], "summary": {"covered_lines": 3, "num_statements": 3, "percent_covered": 80.0, "percent_covered_display": "80", "missing_lines": 0, "excluded_lines": 0, "num_branches": 2, "num_partial_branches": 1, "covered_branches": 1, "missing_branches": 1}, "missing_lines": [], "excluded_lines": [], "executed_branches": [[70, 71]], "missing_branches": [[70, 72]]}, "get_session_maker": {"executed_lines": [78, 79, 80, 81, 86], "summary": {"covered_lines": 5, "num_statements": 5, "percent_covered": 100.0, "percent_covered_display": "100", "missing_lines": 0, "excluded_lines": 0, "num_branches": 2, "num_partial_branches": 0, "covered_branches": 2, "missing_branches": 0}, "missing_lines": [], "excluded_lines": [], "executed_branches": [[78, 79], [78, 86]], "missing_branches": []}, "get_db_session": {"executed_lines": [97, 98, 99, 100, 101, 102, 103, 104], "summary": {"covered_lines": 8, "num_statements": 8, "percent_covered": 100.0, "percent_covered_display": "100", "missing_lines": 0, "excluded_lines": 1, "num_branches": 0, "num_partial_branches": 0, "covered_branches": 0, "missing_branches": 0}, "missing_lines": [], "excluded_lines": [90], "executed_branches": [], "missing_branches": []}, "get_tenant_repo": {"executed_lines": [], "summary": {"covered_lines": 0, "num_statements": 1, "percent_covered": 0.0, "percent_covered_display": "0", "missing_lines": 1, "excluded_lines": 0, "num_branches": 0, "num_partial_branches": 0, "covered_branches": 0, "missing_branches": 0}, "missing_lines": [111], "excluded_lines": [], "executed_branches": [], "missing_branches": []}, "get_user_repo": {"executed_lines": [], "summary": {"covered_lines": 0, "num_statements": 1, "percent_covered": 0.0, "percent_covered_display": "0", "missing_lines": 1, "excluded_lines": 0, "num_branches": 0, "num_partial_branches": 0, "covered_branches": 0, "missing_branches": 0}, "missing_lines": [116], "excluded_lines": [], "executed_branches": [], "missing_branches": []}, "get_policy_repo": {"executed_lines": [], "summary": {"covered_lines": 0, "num_statements": 1, "percent_covered": 0.0, "percent_covered_display": "0", "missing_lines": 1, "excluded_lines": 0, "num_branches": 0, "num_partial_branches": 0, "covered_branches": 0, "missing_branches": 0}, "missing_lines": [121], "excluded_lines": [], "executed_branches": [], "missing_branches": []}, "get_feature_flag_repo": {"executed_lines": [], "summary": {"covered_lines": 0, "num_statements": 1, "percent_covered": 0.0, "percent_covered_display": "0", "missing_lines": 1, "excluded_lines": 0, "num_branches": 0, "num_partial_branches": 0, "covered_branches": 0, "missing_branches": 0}, "missing_lines": [126], "excluded_lines": [], "executed_branches": [], "missing_branches": []}, "get_invitation_repo": {"executed_lines": [], "summary": {"covered_lines": 0, "num_statements": 1, "percent_covered": 0.0, "percent_covered_display": "0", "missing_lines": 1, "excluded_lines": 0, "num_branches": 0, "num_partial_branches": 0, "covered_branches": 0, "missing_branches": 0}, "missing_lines": [131], "excluded_lines": [], "executed_branches": [], "missing_branches": []}, "get_user_lifecycle": {"executed_lines": [], "summary": {"covered_lines": 0, "num_statements": 1, "percent_covered": 0.0, "percent_covered_display": "0", "missing_lines": 1, "excluded_lines": 0, "num_branches": 0, "num_partial_branches": 0, "covered_branches": 0, "missing_branches": 0}, "missing_lines": [138], "excluded_lines": [], "executed_branches": [], "missing_branches": []}, "get_invitation_service": {"executed_lines": [], "summary": {"covered_lines": 0, "num_statements": 1, "percent_covered": 0.0, "percent_covered_display": "0", "missing_lines": 1, "excluded_lines": 0, "num_branches": 0, "num_partial_branches": 0, "covered_branches": 0, "missing_branches": 0}, "missing_lines": [145], "excluded_lines": [], "executed_branches": [], "missing_branches": []}, "get_auth_registry": {"executed_lines": [150], "summary": {"covered_lines": 1, "num_statements": 1, "percent_covered": 100.0, "percent_covered_display": "100", "missing_lines": 0, "excluded_lines": 0, "num_branches": 0, "num_partial_branches": 0, "covered_branches": 0, "missing_branches": 0}, "missing_lines": [], "excluded_lines": [], "executed_branches": [], "missing_branches": []}, "get_jwt_service": {"executed_lines": [156, 157], "summary": {"covered_lines": 2, "num_statements": 2, "percent_covered": 100.0, "percent_covered_display": "100", "missing_lines": 0, "excluded_lines": 0, "num_branches": 0, "num_partial_branches": 0, "covered_branches": 0, "missing_branches": 0}, "missing_lines": [], "excluded_lines": [], "executed_branches": [], "missing_branches": []}, "get_auth_service": {"executed_lines": [162], "summary": {"covered_lines": 1, "num_statements": 1, "percent_covered": 100.0, "percent_covered_display": "100", "missing_lines": 0, "excluded_lines": 0, "num_branches": 0, "num_partial_branches": 0, "covered_branches": 0, "missing_branches": 0}, "missing_lines": [], "excluded_lines": [], "executed_branches": [], "missing_branches": []}, "get_audit_appender": {"executed_lines": [167], "summary": {"covered_lines": 1, "num_statements": 1, "percent_covered": 100.0, "percent_covered_display": "100", "missing_lines": 0, "excluded_lines": 0, "num_branches": 0, "num_partial_branches": 0, "covered_branches": 0, "missing_branches": 0}, "missing_lines": [], "excluded_lines": [], "executed_branches": [], "missing_branches": []}, "get_current_actor_id": {"executed_lines": [177, 178], "summary": {"covered_lines": 2, "num_statements": 3, "percent_covered": 60.0, "percent_covered_display": "60", "missing_lines": 1, "excluded_lines": 0, "num_branches": 2, "num_partial_branches": 1, "covered_branches": 1, "missing_branches": 1}, "missing_lines": [179], "excluded_lines": [], "executed_branches": [[177, 178]], "missing_branches": [[177, 179]]}, "get_audit_service": {"executed_lines": [187], "summary": {"covered_lines": 1, "num_statements": 1, "percent_covered": 100.0, "percent_covered_display": "100", "missing_lines": 0, "excluded_lines": 0, "num_branches": 0, "num_partial_branches": 0, "covered_branches": 0, "missing_branches": 0}, "missing_lines": [], "excluded_lines": [], "executed_branches": [], "missing_branches": []}, "": {"executed_lines": [1, 6, 7, 8, 10, 11, 13, 14, 22, 23, 24, 25, 26, 27, 28, 29, 30, 31, 34, 35, 39, 43, 63, 64, 67, 75, 89, 109, 114, 119, 124, 129, 136, 141, 148, 149, 153, 154, 160, 161, 165, 170, 182], "summary": {"covered_lines": 41, "num_statements": 41, "percent_covered": 100.0, "percent_covered_display": "100", "missing_lines": 0, "excluded_lines": 0, "num_branches": 0, "num_partial_branches": 0, "covered_branches": 0, "missing_branches": 0}, "missing_lines": [], "excluded_lines": [], "executed_branches": [], "missing_branches": []}}, "classes": {"AuditService": {"executed_lines": [40, 41, 45, 46, 48, 58], "summary": {"covered_lines": 6, "num_statements": 6, "percent_covered": 100.0, "percent_covered_display": "100", "missing_lines": 0, "excluded_lines": 0, "num_branches": 0, "num_partial_branches": 0, "covered_branches": 0, "missing_branches": 0}, "missing_lines": [], "excluded_lines": [], "executed_branches": [], "missing_branches": []}, "": {"executed_lines": [1, 6, 7, 8, 10, 11, 13, 14, 22, 23, 24, 25, 26, 27, 28, 29, 30, 31, 34, 35, 39, 43, 63, 64, 67, 70, 71, 72, 75, 78, 79, 80, 81, 86, 89, 97, 98, 99, 100, 101, 102, 103, 104, 109, 114, 119, 124, 129, 136, 141, 148, 149, 150, 153, 154, 156, 157, 160, 161, 162, 165, 167, 170, 177, 178, 182, 187], "summary": {"covered_lines": 65, "num_statements": 73, "percent_covered": 87.34177215189874, "percent_covered_display": "87", "missing_lines": 8, "excluded_lines": 1, "num_branches": 6, "num_partial_branches": 2, "covered_branches": 4, "missing_branches": 2}, "missing_lines": [111, 116, 121, 126, 131, 138, 145, 179], "excluded_lines": [90], "executed_branches": [[70, 71], [78, 79], [78, 86], [177, 178]], "missing_branches": [[70, 72], [177, 179]]}}}, "src/adapters/api/middleware.py": {"executed_lines": [1, 2, 3, 4, 7, 8, 9, 10, 12, 13, 14, 15, 16, 17, 19], "summary": {"covered_lines": 9, "num_statements": 9, "percent_covered": 100.0, "percent_covered_display": "100", "missing_lines": 0, "excluded_lines": 6, "num_branches": 0, "num_partial_branches": 0, "covered_branches": 0, "missing_branches": 0}, "missing_lines": [], "excluded_lines": [12, 13, 14, 15, 16, 17], "executed_branches": [], "missing_branches": [], "functions": {"CorrelationMiddleware.__init__": {"executed_lines": [9, 10], "summary": {"covered_lines": 2, "num_statements": 2, "percent_covered": 100.0, "percent_covered_display": "100", "missing_lines": 0, "excluded_lines": 0, "num_branches": 0, "num_partial_branches": 0, "covered_branches": 0, "missing_branches": 0}, "missing_lines": [], "excluded_lines": [], "executed_branches": [], "missing_branches": []}, "CorrelationMiddleware.dispatch": {"executed_lines": [13, 14, 15, 16, 17], "summary": {"covered_lines": 0, "num_statements": 0, "percent_covered": 100.0, "percent_covered_display": "100", "missing_lines": 0, "excluded_lines": 5, "num_branches": 0, "num_partial_branches": 0, "covered_branches": 0, "missing_branches": 0}, "missing_lines": [], "excluded_lines": [13, 14, 15, 16, 17], "executed_branches": [], "missing_branches": []}, "": {"executed_lines": [1, 2, 3, 4, 7, 8, 12, 19], "summary": {"covered_lines": 7, "num_statements": 7, "percent_covered": 100.0, "percent_covered_display": "100", "missing_lines": 0, "excluded_lines": 1, "num_branches": 0, "num_partial_branches": 0, "covered_branches": 0, "missing_branches": 0}, "missing_lines": [], "excluded_lines": [12], "executed_branches": [], "missing_branches": []}}, "classes": {"CorrelationMiddleware": {"executed_lines": [9, 10, 13, 14, 15, 16, 17], "summary": {"covered_lines": 2, "num_statements": 2, "percent_covered": 100.0, "percent_covered_display": "100", "missing_lines": 0, "excluded_lines": 5, "num_branches": 0, "num_partial_branches": 0, "covered_branches": 0, "missing_branches": 0}, "missing_lines": [], "excluded_lines": [13, 14, 15, 16, 17], "executed_branches": [], "missing_branches": []}, "": {"executed_lines": [1, 2, 3, 4, 7, 8, 12, 19], "summary": {"covered_lines": 7, "num_statements": 7, "percent_covered": 100.0, "percent_covered_display": "100", "missing_lines": 0, "excluded_lines": 1, "num_branches": 0, "num_partial_branches": 0, "covered_branches": 0, "missing_branches": 0}, "missing_lines": [], "excluded_lines": [12], "executed_branches": [], "missing_branches": []}}}, "src/adapters/api/repositories.py": {"executed_lines": [], "summary": {"covered_lines": 0, "num_statements": 5, "percent_covered": 0.0, "percent_covered_display": "0", "missing_lines": 5, "excluded_lines": 0, "num_branches": 0, "num_partial_branches": 0, "covered_branches": 0, "missing_branches": 0}, "missing_lines": [5, 6, 8, 9, 11], "excluded_lines": [], "executed_branches": [], "missing_branches": [], "functions": {"": {"executed_lines": [], "summary": {"covered_lines": 0, "num_statements": 5, "percent_covered": 0.0, "percent_covered_display": "0", "missing_lines": 5, "excluded_lines": 0, "num_branches": 0, "num_partial_branches": 0, "covered_branches": 0, "missing_branches": 0}, "missing_lines": [5, 6, 8, 9, 11], "excluded_lines": [], "executed_branches": [], "missing_branches": []}}, "classes": {"": {"executed_lines": [], "summary": {"covered_lines": 0, "num_statements": 5, "percent_covered": 0.0, "percent_covered_display": "0", "missing_lines": 5, "excluded_lines": 0, "num_branches": 0, "num_partial_branches": 0, "covered_branches": 0, "missing_branches": 0}, "missing_lines": [5, 6, 8, 9, 11], "excluded_lines": [], "executed_branches": [], "missing_branches": []}}}, "src/adapters/api/routers/__init__.py": {"executed_lines": [1, 2, 4], "summary": {"covered_lines": 3, "num_statements": 3, "percent_covered": 100.0, "percent_covered_display": "100", "missing_lines": 0, "excluded_lines": 0, "num_branches": 0, "num_partial_branches": 0, "covered_branches": 0, "missing_branches": 0}, "missing_lines": [], "excluded_lines": [], "executed_branches": [], "missing_branches": [], "functions": {"": {"executed_lines": [1, 2, 4], "summary": {"covered_lines": 3, "num_statements": 3, "percent_covered": 100.0, "percent_covered_display": "100", "missing_lines": 0, "excluded_lines": 0, "num_branches": 0, "num_partial_branches": 0, "covered_branches": 0, "missing_branches": 0}, "missing_lines": [], "excluded_lines": [], "executed_branches": [], "missing_branches": []}}, "classes": {"": {"executed_lines": [1, 2, 4], "summary": {"covered_lines": 3, "num_statements": 3, "percent_covered": 100.0, "percent_covered_display": "100", "missing_lines": 0, "excluded_lines": 0, "num_branches": 0, "num_partial_branches": 0, "covered_branches": 0, "missing_branches": 0}, "missing_lines": [], "excluded_lines": [], "executed_branches": [], "missing_branches": []}}}, "src/adapters/api/routers/audit.py": {"executed_lines": [1, 2, 3, 4, 6, 7, 9, 12, 13, 27, 30, 31, 33, 43, 54, 91], "summary": {"covered_lines": 16, "num_statements": 31, "percent_covered": 48.648648648648646, "percent_covered_display": "49", "missing_lines": 15, "excluded_lines": 0, "num_branches": 6, "num_partial_branches": 2, "covered_branches": 2, "missing_branches": 4}, "missing_lines": [34, 35, 36, 37, 38, 44, 45, 46, 47, 48, 64, 65, 66, 80, 83], "excluded_lines": [], "executed_branches": [[33, 43], [43, 54]], "missing_branches": [[33, 34], [43, 44], [65, 66], [65, 83]], "functions": {"list_events": {"executed_lines": [27, 30, 31, 33, 43, 54], "summary": {"covered_lines": 6, "num_statements": 21, "percent_covered": 29.62962962962963, "percent_covered_display": "30", "missing_lines": 15, "excluded_lines": 0, "num_branches": 6, "num_partial_branches": 2, "covered_branches": 2, "missing_branches": 4}, "missing_lines": [34, 35, 36, 37, 38, 44, 45, 46, 47, 48, 64, 65, 66, 80, 83], "excluded_lines": [], "executed_branches": [[33, 43], [43, 54]], "missing_branches": [[33, 34], [43, 44], [65, 66], [65, 83]]}, "": {"executed_lines": [1, 2, 3, 4, 6, 7, 9, 12, 13, 91], "summary": {"covered_lines": 10, "num_statements": 10, "percent_covered": 100.0, "percent_covered_display": "100", "missing_lines": 0, "excluded_lines": 0, "num_branches": 0, "num_partial_branches": 0, "covered_branches": 0, "missing_branches": 0}, "missing_lines": [], "excluded_lines": [], "executed_branches": [], "missing_branches": []}}, "classes": {"": {"executed_lines": [1, 2, 3, 4, 6, 7, 9, 12, 13, 27, 30, 31, 33, 43, 54, 91], "summary": {"covered_lines": 16, "num_statements": 31, "percent_covered": 48.648648648648646, "percent_covered_display": "49", "missing_lines": 15, "excluded_lines": 0, "num_branches": 6, "num_partial_branches": 2, "covered_branches": 2, "missing_branches": 4}, "missing_lines": [34, 35, 36, 37, 38, 44, 45, 46, 47, 48, 64, 65, 66, 80, 83], "excluded_lines": [], "executed_branches": [[33, 43], [43, 54]], "missing_branches": [[33, 34], [43, 44], [65, 66], [65, 83]]}}}, "src/adapters/api/routers/auth.py": {"executed_lines": [1, 3, 4, 5, 6, 7, 8, 10, 11, 12, 13, 14, 15, 17, 19, 20, 23, 24, 25, 26, 29, 30, 31, 32, 33, 34, 35, 36, 39, 40, 41, 42, 43, 44, 47, 48, 51, 52, 65, 68, 117, 118, 143, 149, 152, 154, 155, 157, 164, 165, 172, 173, 174, 177, 184, 185, 188, 195, 212], "summary": {"covered_lines": 58, "num_statements": 91, "percent_covered": 59.04761904761905, "percent_covered_display": "59", "missing_lines": 33, "excluded_lines": 0, "num_branches": 14, "num_partial_branches": 4, "covered_branches": 4, "missing_branches": 10}, "missing_lines": [69, 70, 72, 73, 79, 80, 82, 85, 86, 88, 89, 94, 95, 96, 99, 108, 110, 144, 158, 166, 178, 198, 200, 210, 211, 213, 215, 217, 223, 224, 228, 230, 231], "excluded_lines": [], "executed_branches": [[143, 149], [157, 164], [165, 172], [177, 184]], "missing_branches": [[69, 70], [69, 72], [85, 86], [85, 99], [143, 144], [157, 158], [165, 166], [177, 178], [211, 212], [211, 217]], "functions": {"login": {"executed_lines": [65, 68], "summary": {"covered_lines": 2, "num_statements": 19, "percent_covered": 8.695652173913043, "percent_covered_display": "9", "missing_lines": 17, "excluded_lines": 0, "num_branches": 4, "num_partial_branches": 0, "covered_branches": 0, "missing_branches": 4}, "missing_lines": [69, 70, 72, 73, 79, 80, 82, 85, 86, 88, 89, 94, 95, 96, 99, 108, 110], "excluded_lines": [], "executed_branches": [], "missing_branches": [[69, 70], [69, 72], [85, 86], [85, 99]]}, "revoke": {"executed_lines": [143, 149, 152, 154, 155, 157, 164, 165, 172, 173, 174, 177, 184, 185, 188, 195, 212], "summary": {"covered_lines": 17, "num_statements": 33, "percent_covered": 48.83720930232558, "percent_covered_display": "49", "missing_lines": 16, "excluded_lines": 0, "num_branches": 10, "num_partial_branches": 4, "covered_branches": 4, "missing_branches": 6}, "missing_lines": [144, 158, 166, 178, 198, 200, 210, 211, 213, 215, 217, 223, 224, 228, 230, 231], "excluded_lines": [], "executed_branches": [[143, 149], [157, 164], [165, 172], [177, 184]], "missing_branches": [[143, 144], [157, 158], [165, 166], [177, 178], [211, 212], [211, 217]]}, "": {"executed_lines": [1, 3, 4, 5, 6, 7, 8, 10, 11, 12, 13, 14, 15, 17, 19, 20, 23, 24, 25, 26, 29, 30, 31, 32, 33, 34, 35, 36, 39, 40, 41, 42, 43, 44, 47, 48, 51, 52, 117, 118], "summary": {"covered_lines": 39, "num_statements": 39, "percent_covered": 100.0, "percent_covered_display": "100", "missing_lines": 0, "excluded_lines": 0, "num_branches": 0, "num_partial_branches": 0, "covered_branches": 0, "missing_branches": 0}, "missing_lines": [], "excluded_lines": [], "executed_branches": [], "missing_branches": []}}, "classes": {"LoginRequest": {"executed_lines": [], "summary": {"covered_lines": 0, "num_statements": 0, "percent_covered": 100.0, "percent_covered_display": "100", "missing_lines": 0, "excluded_lines": 0, "num_branches": 0, "num_partial_branches": 0, "covered_branches": 0, "missing_branches": 0}, "missing_lines": [], "excluded_lines": [], "executed_branches": [], "missing_branches": []}, "UserInfo": {"executed_lines": [], "summary": {"covered_lines": 0, "num_statements": 0, "percent_covered": 100.0, "percent_covered_display": "100", "missing_lines": 0, "excluded_lines": 0, "num_branches": 0, "num_partial_branches": 0, "covered_branches": 0, "missing_branches": 0}, "missing_lines": [], "excluded_lines": [], "executed_branches": [], "missing_branches": []}, "LoginResponse": {"executed_lines": [], "summary": {"covered_lines": 0, "num_statements": 0, "percent_covered": 100.0, "percent_covered_display": "100", "missing_lines": 0, "excluded_lines": 0, "num_branches": 0, "num_partial_branches": 0, "covered_branches": 0, "missing_branches": 0}, "missing_lines": [], "excluded_lines": [], "executed_branches": [], "missing_branches": []}, "RevokeRequest": {"executed_lines": [], "summary": {"covered_lines": 0, "num_statements": 0, "percent_covered": 100.0, "percent_covered_display": "100", "missing_lines": 0, "excluded_lines": 0, "num_branches": 0, "num_partial_branches": 0, "covered_branches": 0, "missing_branches": 0}, "missing_lines": [], "excluded_lines": [], "executed_branches": [], "missing_branches": []}, "": {"executed_lines": [1, 3, 4, 5, 6, 7, 8, 10, 11, 12, 13, 14, 15, 17, 19, 20, 23, 24, 25, 26, 29, 30, 31, 32, 33, 34, 35, 36, 39, 40, 41, 42, 43, 44, 47, 48, 51, 52, 65, 68, 117, 118, 143, 149, 152, 154, 155, 157, 164, 165, 172, 173, 174, 177, 184, 185, 188, 195, 212], "summary": {"covered_lines": 58, "num_statements": 91, "percent_covered": 59.04761904761905, "percent_covered_display": "59", "missing_lines": 33, "excluded_lines": 0, "num_branches": 14, "num_partial_branches": 4, "covered_branches": 4, "missing_branches": 10}, "missing_lines": [69, 70, 72, 73, 79, 80, 82, 85, 86, 88, 89, 94, 95, 96, 99, 108, 110, 144, 158, 166, 178, 198, 200, 210, 211, 213, 215, 217, 223, 224, 228, 230, 231], "excluded_lines": [], "executed_branches": [[143, 149], [157, 164], [165, 172], [177, 184]], "missing_branches": [[69, 70], [69, 72], [85, 86], [85, 99], [143, 144], [157, 158], [165, 166], [177, 178], [211, 212], [211, 217]]}}}, "src/adapters/api/routers/embed.py": {"executed_lines": [1, 2, 3, 4, 5, 6, 7, 9, 11, 14, 17, 18, 19, 20, 23, 24, 25, 26, 27, 28, 29, 30, 33, 34, 40, 44, 47, 48, 51, 52, 53, 54, 57, 58, 59, 60, 64, 65, 67], "summary": {"covered_lines": 39, "num_statements": 44, "percent_covered": 84.61538461538461, "percent_covered_display": "85", "missing_lines": 5, "excluded_lines": 0, "num_branches": 8, "num_partial_branches": 3, "covered_branches": 5, "missing_branches": 3}, "missing_lines": [41, 45, 55, 61, 62], "excluded_lines": [], "executed_branches": [[40, 44], [44, 47], [47, 48], [47, 51], [54, 57]], "missing_branches": [[40, 41], [44, 45], [54, 55]], "functions": {"exchange": {"executed_lines": [40, 44, 47, 48, 51, 52, 53, 54, 57, 58, 59, 60, 64, 65, 67], "summary": {"covered_lines": 15, "num_statements": 20, "percent_covered": 71.42857142857143, "percent_covered_display": "71", "missing_lines": 5, "excluded_lines": 0, "num_branches": 8, "num_partial_branches": 3, "covered_branches": 5, "missing_branches": 3}, "missing_lines": [41, 45, 55, 61, 62], "excluded_lines": [], "executed_branches": [[40, 44], [44, 47], [47, 48], [47, 51], [54, 57]], "missing_branches": [[40, 41], [44, 45], [54, 55]]}, "": {"executed_lines": [1, 2, 3, 4, 5, 6, 7, 9, 11, 14, 17, 18, 19, 20, 23, 24, 25, 26, 27, 28, 29, 30, 33, 34], "summary": {"covered_lines": 24, "num_statements": 24, "percent_covered": 100.0, "percent_covered_display": "100", "missing_lines": 0, "excluded_lines": 0, "num_branches": 0, "num_partial_branches": 0, "covered_branches": 0, "missing_branches": 0}, "missing_lines": [], "excluded_lines": [], "executed_branches": [], "missing_branches": []}}, "classes": {"EmbedExchangeRequest": {"executed_lines": [], "summary": {"covered_lines": 0, "num_statements": 0, "percent_covered": 100.0, "percent_covered_display": "100", "missing_lines": 0, "excluded_lines": 0, "num_branches": 0, "num_partial_branches": 0, "covered_branches": 0, "missing_branches": 0}, "missing_lines": [], "excluded_lines": [], "executed_branches": [], "missing_branches": []}, "EmbedSession": {"executed_lines": [], "summary": {"covered_lines": 0, "num_statements": 0, "percent_covered": 100.0, "percent_covered_display": "100", "missing_lines": 0, "excluded_lines": 0, "num_branches": 0, "num_partial_branches": 0, "covered_branches": 0, "missing_branches": 0}, "missing_lines": [], "excluded_lines": [], "executed_branches": [], "missing_branches": []}, "": {"executed_lines": [1, 2, 3, 4, 5, 6, 7, 9, 11, 14, 17, 18, 19, 20, 23, 24, 25, 26, 27, 28, 29, 30, 33, 34, 40, 44, 47, 48, 51, 52, 53, 54, 57, 58, 59, 60, 64, 65, 67], "summary": {"covered_lines": 39, "num_statements": 44, "percent_covered": 84.61538461538461, "percent_covered_display": "85", "missing_lines": 5, "excluded_lines": 0, "num_branches": 8, "num_partial_branches": 3, "covered_branches": 5, "missing_branches": 3}, "missing_lines": [41, 45, 55, 61, 62], "excluded_lines": [], "executed_branches": [[40, 44], [44, 47], [47, 48], [47, 51], [54, 57]], "missing_branches": [[40, 41], [44, 45], [54, 55]]}}}, "src/adapters/api/routers/feature_flags.py": {"executed_lines": [1, 3, 4, 5, 6, 7, 9, 10, 11, 13, 16, 17, 18, 19, 20, 21, 23, 26, 27, 28, 29, 30, 31, 32, 35, 36, 37, 40, 41, 47, 49, 58, 59, 60, 71, 72, 77, 78, 81], "summary": {"covered_lines": 39, "num_statements": 41, "percent_covered": 95.1219512195122, "percent_covered_display": "95", "missing_lines": 2, "excluded_lines": 0, "num_branches": 0, "num_partial_branches": 0, "covered_branches": 0, "missing_branches": 0}, "missing_lines": [62, 79], "excluded_lines": [], "executed_branches": [], "missing_branches": [], "functions": {"create_flag": {"executed_lines": [47, 49, 58, 59, 60], "summary": {"covered_lines": 5, "num_statements": 6, "percent_covered": 83.33333333333333, "percent_covered_display": "83", "missing_lines": 1, "excluded_lines": 0, "num_branches": 0, "num_partial_branches": 0, "covered_branches": 0, "missing_branches": 0}, "missing_lines": [62], "excluded_lines": [], "executed_branches": [], "missing_branches": []}, "list_flags": {"executed_lines": [77, 78], "summary": {"covered_lines": 2, "num_statements": 3, "percent_covered": 66.66666666666667, "percent_covered_display": "67", "missing_lines": 1, "excluded_lines": 0, "num_branches": 0, "num_partial_branches": 0, "covered_branches": 0, "missing_branches": 0}, "missing_lines": [79], "excluded_lines": [], "executed_branches": [], "missing_branches": []}, "": {"executed_lines": [1, 3, 4, 5, 6, 7, 9, 10, 11, 13, 16, 17, 18, 19, 20, 21, 23, 26, 27, 28, 29, 30, 31, 32, 35, 36, 37, 40, 41, 71, 72, 81], "summary": {"covered_lines": 32, "num_statements": 32, "percent_covered": 100.0, "percent_covered_display": "100", "missing_lines": 0, "excluded_lines": 0, "num_branches": 0, "num_partial_branches": 0, "covered_branches": 0, "missing_branches": 0}, "missing_lines": [], "excluded_lines": [], "executed_branches": [], "missing_branches": []}}, "classes": {"FeatureFlagCreate": {"executed_lines": [], "summary": {"covered_lines": 0, "num_statements": 0, "percent_covered": 100.0, "percent_covered_display": "100", "missing_lines": 0, "excluded_lines": 0, "num_branches": 0, "num_partial_branches": 0, "covered_branches": 0, "missing_branches": 0}, "missing_lines": [], "excluded_lines": [], "executed_branches": [], "missing_branches": []}, "FeatureFlagResponse": {"executed_lines": [], "summary": {"covered_lines": 0, "num_statements": 0, "percent_covered": 100.0, "percent_covered_display": "100", "missing_lines": 0, "excluded_lines": 0, "num_branches": 0, "num_partial_branches": 0, "covered_branches": 0, "missing_branches": 0}, "missing_lines": [], "excluded_lines": [], "executed_branches": [], "missing_branches": []}, "FeatureFlagList": {"executed_lines": [], "summary": {"covered_lines": 0, "num_statements": 0, "percent_covered": 100.0, "percent_covered_display": "100", "missing_lines": 0, "excluded_lines": 0, "num_branches": 0, "num_partial_branches": 0, "covered_branches": 0, "missing_branches": 0}, "missing_lines": [], "excluded_lines": [], "executed_branches": [], "missing_branches": []}, "": {"executed_lines": [1, 3, 4, 5, 6, 7, 9, 10, 11, 13, 16, 17, 18, 19, 20, 21, 23, 26, 27, 28, 29, 30, 31, 32, 35, 36, 37, 40, 41, 47, 49, 58, 59, 60, 71, 72, 77, 78, 81], "summary": {"covered_lines": 39, "num_statements": 41, "percent_covered": 95.1219512195122, "percent_covered_display": "95", "missing_lines": 2, "excluded_lines": 0, "num_branches": 0, "num_partial_branches": 0, "covered_branches": 0, "missing_branches": 0}, "missing_lines": [62, 79], "excluded_lines": [], "executed_branches": [], "missing_branches": []}}}, "src/adapters/api/routers/invitations.py": {"executed_lines": [1, 3, 4, 5, 7, 8, 9, 10, 12, 14, 17, 18, 19, 20, 23, 24], "summary": {"covered_lines": 16, "num_statements": 37, "percent_covered": 34.04255319148936, "percent_covered_display": "34", "missing_lines": 21, "excluded_lines": 0, "num_branches": 10, "num_partial_branches": 0, "covered_branches": 0, "missing_branches": 10}, "missing_lines": [34, 35, 38, 39, 40, 43, 44, 47, 48, 51, 52, 53, 54, 55, 58, 59, 60, 61, 62, 63, 65], "excluded_lines": [], "executed_branches": [], "missing_branches": [[34, 35], [34, 38], [39, 40], [39, 43], [43, 44], [43, 47], [47, 48], [47, 51], [51, 52], [51, 58]], "functions": {"accept_invitation": {"executed_lines": [], "summary": {"covered_lines": 0, "num_statements": 21, "percent_covered": 0.0, "percent_covered_display": "0", "missing_lines": 21, "excluded_lines": 0, "num_branches": 10, "num_partial_branches": 0, "covered_branches": 0, "missing_branches": 10}, "missing_lines": [34, 35, 38, 39, 40, 43, 44, 47, 48, 51, 52, 53, 54, 55, 58, 59, 60, 61, 62, 63, 65], "excluded_lines": [], "executed_branches": [], "missing_branches": [[34, 35], [34, 38], [39, 40], [39, 43], [43, 44], [43, 47], [47, 48], [47, 51], [51, 52], [51, 58]]}, "": {"executed_lines": [1, 3, 4, 5, 7, 8, 9, 10, 12, 14, 17, 18, 19, 20, 23, 24], "summary": {"covered_lines": 16, "num_statements": 16, "percent_covered": 100.0, "percent_covered_display": "100", "missing_lines": 0, "excluded_lines": 0, "num_branches": 0, "num_partial_branches": 0, "covered_branches": 0, "missing_branches": 0}, "missing_lines": [], "excluded_lines": [], "executed_branches": [], "missing_branches": []}}, "classes": {"InvitationAcceptResponse": {"executed_lines": [], "summary": {"covered_lines": 0, "num_statements": 0, "percent_covered": 100.0, "percent_covered_display": "100", "missing_lines": 0, "excluded_lines": 0, "num_branches": 0, "num_partial_branches": 0, "covered_branches": 0, "missing_branches": 0}, "missing_lines": [], "excluded_lines": [], "executed_branches": [], "missing_branches": []}, "": {"executed_lines": [1, 3, 4, 5, 7, 8, 9, 10, 12, 14, 17, 18, 19, 20, 23, 24], "summary": {"covered_lines": 16, "num_statements": 37, "percent_covered": 34.04255319148936, "percent_covered_display": "34", "missing_lines": 21, "excluded_lines": 0, "num_branches": 10, "num_partial_branches": 0, "covered_branches": 0, "missing_branches": 10}, "missing_lines": [34, 35, 38, 39, 40, 43, 44, 47, 48, 51, 52, 53, 54, 55, 58, 59, 60, 61, 62, 63, 65], "excluded_lines": [], "executed_branches": [], "missing_branches": [[34, 35], [34, 38], [39, 40], [39, 43], [43, 44], [43, 47], [47, 48], [47, 51], [51, 52], [51, 58]]}}}, "src/adapters/api/routers/policies.py": {"executed_lines": [1, 3, 4, 5, 6, 8, 9, 11, 13, 16, 17, 18, 19, 20, 23, 24, 25, 26, 29, 30, 31, 32, 33, 34, 35, 38, 39, 40, 41, 42, 43, 44, 45, 46, 47, 50, 52, 53, 54, 55, 59, 60, 65, 67, 68, 69, 70, 73, 74, 80, 85, 95, 98, 99, 114], "summary": {"covered_lines": 55, "num_statements": 61, "percent_covered": 88.73239436619718, "percent_covered_display": "89", "missing_lines": 6, "excluded_lines": 0, "num_branches": 10, "num_partial_branches": 2, "covered_branches": 8, "missing_branches": 2}, "missing_lines": [56, 81, 106, 109, 110, 112], "excluded_lines": [], "executed_branches": [[52, 53], [52, 54], [54, 55], [67, 68], [67, 70], [68, 67], [68, 69], [80, 85]], "missing_branches": [[54, 56], [80, 81]], "functions": {"_evaluate": {"executed_lines": [52, 53, 54, 55], "summary": {"covered_lines": 4, "num_statements": 5, "percent_covered": 77.77777777777777, "percent_covered_display": "78", "missing_lines": 1, "excluded_lines": 0, "num_branches": 4, "num_partial_branches": 1, "covered_branches": 3, "missing_branches": 1}, "missing_lines": [56], "excluded_lines": [], "executed_branches": [[52, 53], [52, 54], [54, 55]], "missing_branches": [[54, 56]]}, "dry_run": {"executed_lines": [65, 67, 68, 69, 70], "summary": {"covered_lines": 5, "num_statements": 5, "percent_covered": 100.0, "percent_covered_display": "100", "missing_lines": 0, "excluded_lines": 0, "num_branches": 4, "num_partial_branches": 0, "covered_branches": 4, "missing_branches": 0}, "missing_lines": [], "excluded_lines": [], "executed_branches": [[67, 68], [67, 70], [68, 67], [68, 69]], "missing_branches": []}, "register_policy": {"executed_lines": [80, 85, 95], "summary": {"covered_lines": 3, "num_statements": 4, "percent_covered": 66.66666666666667, "percent_covered_display": "67", "missing_lines": 1, "excluded_lines": 0, "num_branches": 2, "num_partial_branches": 1, "covered_branches": 1, "missing_branches": 1}, "missing_lines": [81], "excluded_lines": [], "executed_branches": [[80, 85]], "missing_branches": [[80, 81]]}, "list_policies": {"executed_lines": [], "summary": {"covered_lines": 0, "num_statements": 4, "percent_covered": 0.0, "percent_covered_display": "0", "missing_lines": 4, "excluded_lines": 0, "num_branches": 0, "num_partial_branches": 0, "covered_branches": 0, "missing_branches": 0}, "missing_lines": [106, 109, 110, 112], "excluded_lines": [], "executed_branches": [], "missing_branches": []}, "": {"executed_lines": [1, 3, 4, 5, 6, 8, 9, 11, 13, 16, 17, 18, 19, 20, 23, 24, 25, 26, 29, 30, 31, 32, 33, 34, 35, 38, 39, 40, 41, 42, 43, 44, 45, 46, 47, 50, 59, 60, 73, 74, 98, 99, 114], "summary": {"covered_lines": 43, "num_statements": 43, "percent_covered": 100.0, "percent_covered_display": "100", "missing_lines": 0, "excluded_lines": 0, "num_branches": 0, "num_partial_branches": 0, "covered_branches": 0, "missing_branches": 0}, "missing_lines": [], "excluded_lines": [], "executed_branches": [], "missing_branches": []}}, "classes": {"DryRunRequest": {"executed_lines": [], "summary": {"covered_lines": 0, "num_statements": 0, "percent_covered": 100.0, "percent_covered_display": "100", "missing_lines": 0, "excluded_lines": 0, "num_branches": 0, "num_partial_branches": 0, "covered_branches": 0, "missing_branches": 0}, "missing_lines": [], "excluded_lines": [], "executed_branches": [], "missing_branches": []}, "DryRunResponse": {"executed_lines": [], "summary": {"covered_lines": 0, "num_statements": 0, "percent_covered": 100.0, "percent_covered_display": "100", "missing_lines": 0, "excluded_lines": 0, "num_branches": 0, "num_partial_branches": 0, "covered_branches": 0, "missing_branches": 0}, "missing_lines": [], "excluded_lines": [], "executed_branches": [], "missing_branches": []}, "PolicyRegistrationRequest": {"executed_lines": [], "summary": {"covered_lines": 0, "num_statements": 0, "percent_covered": 100.0, "percent_covered_display": "100", "missing_lines": 0, "excluded_lines": 0, "num_branches": 0, "num_partial_branches": 0, "covered_branches": 0, "missing_branches": 0}, "missing_lines": [], "excluded_lines": [], "executed_branches": [], "missing_branches": []}, "PolicyResponse": {"executed_lines": [], "summary": {"covered_lines": 0, "num_statements": 0, "percent_covered": 100.0, "percent_covered_display": "100", "missing_lines": 0, "excluded_lines": 0, "num_branches": 0, "num_partial_branches": 0, "covered_branches": 0, "missing_branches": 0}, "missing_lines": [], "excluded_lines": [], "executed_branches": [], "missing_branches": []}, "": {"executed_lines": [1, 3, 4, 5, 6, 8, 9, 11, 13, 16, 17, 18, 19, 20, 23, 24, 25, 26, 29, 30, 31, 32, 33, 34, 35, 38, 39, 40, 41, 42, 43, 44, 45, 46, 47, 50, 52, 53, 54, 55, 59, 60, 65, 67, 68, 69, 70, 73, 74, 80, 85, 95, 98, 99, 114], "summary": {"covered_lines": 55, "num_statements": 61, "percent_covered": 88.73239436619718, "percent_covered_display": "89", "missing_lines": 6, "excluded_lines": 0, "num_branches": 10, "num_partial_branches": 2, "covered_branches": 8, "missing_branches": 2}, "missing_lines": [56, 81, 106, 109, 110, 112], "excluded_lines": [], "executed_branches": [[52, 53], [52, 54], [54, 55], [67, 68], [67, 70], [68, 67], [68, 69], [80, 85]], "missing_branches": [[54, 56], [80, 81]]}}}, "src/adapters/api/routers/tenants.py": {"executed_lines": [1, 6, 8, 9, 10, 11, 12, 13, 15, 16, 17, 18, 20, 23, 24, 25, 26, 28, 29, 30, 31, 32, 33, 35, 36, 37, 38, 39, 40, 41, 42, 46, 47, 48, 49, 50, 51, 52, 53, 54, 57, 58, 61, 62, 73, 74, 79, 82, 92, 93, 106, 107, 112, 113, 126, 127, 133, 134, 140, 141, 145, 146, 152, 153, 159, 160, 161, 167], "summary": {"covered_lines": 67, "num_statements": 87, "percent_covered": 68.57142857142857, "percent_covered_display": "69", "missing_lines": 20, "excluded_lines": 0, "num_branches": 18, "num_partial_branches": 1, "covered_branches": 5, "missing_branches": 13}, "missing_lines": [43, 83, 84, 87, 88, 90, 91, 95, 114, 135, 136, 137, 139, 154, 155, 156, 158, 162, 163, 164], "excluded_lines": [], "executed_branches": [[31, 32], [31, 33], [38, 39], [73, 74], [73, 79]], "missing_branches": [[38, 43], [83, 84], [83, 87], [135, 136], [135, 137], [137, 139], [137, 140], [154, 155], [154, 156], [156, 158], [156, 159], [162, 163], [162, 164]], "functions": {"TenantCreateRequest.validate_name": {"executed_lines": [31, 32, 33], "summary": {"covered_lines": 3, "num_statements": 3, "percent_covered": 100.0, "percent_covered_display": "100", "missing_lines": 0, "excluded_lines": 0, "num_branches": 2, "num_partial_branches": 0, "covered_branches": 2, "missing_branches": 0}, "missing_lines": [], "excluded_lines": [], "executed_branches": [[31, 32], [31, 33]], "missing_branches": []}, "TenantCreateRequest.validate_tenant_id": {"executed_lines": [38, 39, 40, 41, 42], "summary": {"covered_lines": 5, "num_statements": 6, "percent_covered": 75.0, "percent_covered_display": "75", "missing_lines": 1, "excluded_lines": 0, "num_branches": 2, "num_partial_branches": 1, "covered_branches": 1, "missing_branches": 1}, "missing_lines": [43], "excluded_lines": [], "executed_branches": [[38, 39]], "missing_branches": [[38, 43]]}, "create_tenant": {"executed_lines": [73, 74, 79, 82, 92, 93], "summary": {"covered_lines": 6, "num_statements": 13, "percent_covered": 47.05882352941177, "percent_covered_display": "47", "missing_lines": 7, "excluded_lines": 0, "num_branches": 4, "num_partial_branches": 0, "covered_branches": 2, "missing_branches": 2}, "missing_lines": [83, 84, 87, 88, 90, 91, 95], "excluded_lines": [], "executed_branches": [[73, 74], [73, 79]], "missing_branches": [[83, 84], [83, 87]]}, "list_tenants": {"executed_lines": [112, 113], "summary": {"covered_lines": 2, "num_statements": 3, "percent_covered": 66.66666666666667, "percent_covered_display": "67", "missing_lines": 1, "excluded_lines": 0, "num_branches": 0, "num_partial_branches": 0, "covered_branches": 0, "missing_branches": 0}, "missing_lines": [114], "excluded_lines": [], "executed_branches": [], "missing_branches": []}, "soft_delete_tenant": {"executed_lines": [133, 134, 140, 141], "summary": {"covered_lines": 4, "num_statements": 8, "percent_covered": 33.333333333333336, "percent_covered_display": "33", "missing_lines": 4, "excluded_lines": 0, "num_branches": 4, "num_partial_branches": 0, "covered_branches": 0, "missing_branches": 4}, "missing_lines": [135, 136, 137, 139], "excluded_lines": [], "executed_branches": [], "missing_branches": [[135, 136], [135, 137], [137, 139], [137, 140]]}, "restore_tenant": {"executed_lines": [152, 153, 159, 160, 161], "summary": {"covered_lines": 5, "num_statements": 12, "percent_covered": 27.77777777777778, "percent_covered_display": "28", "missing_lines": 7, "excluded_lines": 0, "num_branches": 6, "num_partial_branches": 0, "covered_branches": 0, "missing_branches": 6}, "missing_lines": [154, 155, 156, 158, 162, 163, 164], "excluded_lines": [], "executed_branches": [], "missing_branches": [[154, 155], [154, 156], [156, 158], [156, 159], [162, 163], [162, 164]]}, "": {"executed_lines": [1, 6, 8, 9, 10, 11, 12, 13, 15, 16, 17, 18, 20, 23, 24, 25, 26, 28, 29, 30, 35, 36, 37, 46, 47, 48, 49, 50, 51, 52, 53, 54, 57, 58, 61, 62, 106, 107, 126, 127, 145, 146, 167], "summary": {"covered_lines": 42, "num_statements": 42, "percent_covered": 100.0, "percent_covered_display": "100", "missing_lines": 0, "excluded_lines": 0, "num_branches": 0, "num_partial_branches": 0, "covered_branches": 0, "missing_branches": 0}, "missing_lines": [], "excluded_lines": [], "executed_branches": [], "missing_branches": []}}, "classes": {"TenantCreateRequest": {"executed_lines": [31, 32, 33, 38, 39, 40, 41, 42], "summary": {"covered_lines": 8, "num_statements": 9, "percent_covered": 84.61538461538461, "percent_covered_display": "85", "missing_lines": 1, "excluded_lines": 0, "num_branches": 4, "num_partial_branches": 1, "covered_branches": 3, "missing_branches": 1}, "missing_lines": [43], "excluded_lines": [], "executed_branches": [[31, 32], [31, 33], [38, 39]], "missing_branches": [[38, 43]]}, "TenantResponse": {"executed_lines": [], "summary": {"covered_lines": 0, "num_statements": 0, "percent_covered": 100.0, "percent_covered_display": "100", "missing_lines": 0, "excluded_lines": 0, "num_branches": 0, "num_partial_branches": 0, "covered_branches": 0, "missing_branches": 0}, "missing_lines": [], "excluded_lines": [], "executed_branches": [], "missing_branches": []}, "TenantListResponse": {"executed_lines": [], "summary": {"covered_lines": 0, "num_statements": 0, "percent_covered": 100.0, "percent_covered_display": "100", "missing_lines": 0, "excluded_lines": 0, "num_branches": 0, "num_partial_branches": 0, "covered_branches": 0, "missing_branches": 0}, "missing_lines": [], "excluded_lines": [], "executed_branches": [], "missing_branches": []}, "": {"executed_lines": [1, 6, 8, 9, 10, 11, 12, 13, 15, 16, 17, 18, 20, 23, 24, 25, 26, 28, 29, 30, 35, 36, 37, 46, 47, 48, 49, 50, 51, 52, 53, 54, 57, 58, 61, 62, 73, 74, 79, 82, 92, 93, 106, 107, 112, 113, 126, 127, 133, 134, 140, 141, 145, 146, 152, 153, 159, 160, 161, 167], "summary": {"covered_lines": 59, "num_statements": 78, "percent_covered": 66.30434782608695, "percent_covered_display": "66", "missing_lines": 19, "excluded_lines": 0, "num_branches": 14, "num_partial_branches": 0, "covered_branches": 2, "missing_branches": 12}, "missing_lines": [83, 84, 87, 88, 90, 91, 95, 114, 135, 136, 137, 139, 154, 155, 156, 158, 162, 163, 164], "excluded_lines": [], "executed_branches": [[73, 74], [73, 79]], "missing_branches": [[83, 84], [83, 87], [135, 136], [135, 137], [137, 139], [137, 140], [154, 155], [154, 156], [156, 158], [156, 159], [162, 163], [162, 164]]}}}, "src/adapters/api/routers/users.py": {"executed_lines": [1, 3, 4, 5, 6, 7, 8, 9, 11, 12, 13, 14, 15, 18, 27, 28, 29, 31, 33, 36, 39, 40, 41, 42, 43, 45, 46, 47, 48, 49, 50, 52, 53, 54, 56, 60, 61, 62, 63, 66, 67, 68, 69, 70, 71, 72, 73, 74, 77, 78, 81, 82, 92, 93, 98, 99, 102, 111, 126, 127, 140, 141, 149, 150, 166, 167, 174, 177, 180, 181, 195, 196, 202, 203, 222, 223, 229, 230, 242, 243, 247, 248, 254, 255, 269, 270], "summary": {"covered_lines": 86, "num_statements": 124, "percent_covered": 59.876543209876544, "percent_covered_display": "60", "missing_lines": 38, "excluded_lines": 0, "num_branches": 38, "num_partial_branches": 5, "covered_branches": 11, "missing_branches": 27}, "missing_lines": [30, 32, 34, 103, 104, 107, 108, 112, 113, 116, 129, 152, 153, 155, 178, 182, 204, 205, 208, 209, 211, 231, 232, 235, 236, 239, 240, 241, 256, 257, 260, 261, 263, 264, 266, 267, 268, 272], "excluded_lines": [], "executed_branches": [[27, 28], [27, 29], [29, 31], [31, 33], [33, -18], [48, 49], [61, 62], [61, 63], [92, 93], [92, 98], [177, 180]], "missing_branches": [[29, 30], [31, 32], [33, 34], [48, 50], [103, 104], [103, 107], [107, 108], [107, 111], [112, 113], [112, 116], [152, 153], [152, 155], [177, 178], [204, 205], [204, 208], [208, 209], [208, 211], [231, 232], [231, 235], [235, 236], [235, 239], [256, 257], [256, 260], [260, 261], [260, 263], [263, 264], [263, 266]], "functions": {"validate_password_strength": {"executed_lines": [27, 28, 29, 31, 33], "summary": {"covered_lines": 5, "num_statements": 8, "percent_covered": 62.5, "percent_covered_display": "62", "missing_lines": 3, "excluded_lines": 0, "num_branches": 8, "num_partial_branches": 3, "covered_branches": 5, "missing_branches": 3}, "missing_lines": [30, 32, 34], "excluded_lines": [], "executed_branches": [[27, 28], [27, 29], [29, 31], [31, 33], [33, -18]], "missing_branches": [[29, 30], [31, 32], [33, 34]]}, "UserCreateRequest.validate_password": {"executed_lines": [48, 49, 50], "summary": {"covered_lines": 3, "num_statements": 3, "percent_covered": 80.0, "percent_covered_display": "80", "missing_lines": 0, "excluded_lines": 0, "num_branches": 2, "num_partial_branches": 1, "covered_branches": 1, "missing_branches": 1}, "missing_lines": [], "excluded_lines": [], "executed_branches": [[48, 49]], "missing_branches": [[48, 50]]}, "UserCreateRequest.validate_roles": {"executed_lines": [56, 60, 61, 62, 63], "summary": {"covered_lines": 5, "num_statements": 5, "percent_covered": 100.0, "percent_covered_display": "100", "missing_lines": 0, "excluded_lines": 0, "num_branches": 2, "num_partial_branches": 0, "covered_branches": 2, "missing_branches": 0}, "missing_lines": [], "excluded_lines": [], "executed_branches": [[61, 62], [61, 63]], "missing_branches": []}, "create_user": {"executed_lines": [92, 93, 98, 99, 102, 111, 126, 127], "summary": {"covered_lines": 8, "num_statements": 16, "percent_covered": 41.666666666666664, "percent_covered_display": "42", "missing_lines": 8, "excluded_lines": 0, "num_branches": 8, "num_partial_branches": 0, "covered_branches": 2, "missing_branches": 6}, "missing_lines": [103, 104, 107, 108, 112, 113, 116, 129], "excluded_lines": [], "executed_branches": [[92, 93], [92, 98]], "missing_branches": [[103, 104], [103, 107], [107, 108], [107, 111], [112, 113], [112, 116]]}, "get_current_user_profile": {"executed_lines": [149, 150], "summary": {"covered_lines": 2, "num_statements": 5, "percent_covered": 28.571428571428573, "percent_covered_display": "29", "missing_lines": 3, "excluded_lines": 0, "num_branches": 2, "num_partial_branches": 0, "covered_branches": 0, "missing_branches": 2}, "missing_lines": [152, 153, 155], "excluded_lines": [], "executed_branches": [], "missing_branches": [[152, 153], [152, 155]]}, "list_users": {"executed_lines": [174, 177, 180, 181], "summary": {"covered_lines": 4, "num_statements": 6, "percent_covered": 62.5, "percent_covered_display": "62", "missing_lines": 2, "excluded_lines": 0, "num_branches": 2, "num_partial_branches": 1, "covered_branches": 1, "missing_branches": 1}, "missing_lines": [178, 182], "excluded_lines": [], "executed_branches": [[177, 180]], "missing_branches": [[177, 178]]}, "get_user": {"executed_lines": [202, 203], "summary": {"covered_lines": 2, "num_statements": 7, "percent_covered": 18.181818181818183, "percent_covered_display": "18", "missing_lines": 5, "excluded_lines": 0, "num_branches": 4, "num_partial_branches": 0, "covered_branches": 0, "missing_branches": 4}, "missing_lines": [204, 205, 208, 209, 211], "excluded_lines": [], "executed_branches": [], "missing_branches": [[204, 205], [204, 208], [208, 209], [208, 211]]}, "disable_user": {"executed_lines": [229, 230, 242, 243], "summary": {"covered_lines": 4, "num_statements": 11, "percent_covered": 26.666666666666668, "percent_covered_display": "27", "missing_lines": 7, "excluded_lines": 0, "num_branches": 4, "num_partial_branches": 0, "covered_branches": 0, "missing_branches": 4}, "missing_lines": [231, 232, 235, 236, 239, 240, 241], "excluded_lines": [], "executed_branches": [], "missing_branches": [[231, 232], [231, 235], [235, 236], [235, 239]]}, "restore_user": {"executed_lines": [254, 255, 269, 270], "summary": {"covered_lines": 4, "num_statements": 14, "percent_covered": 20.0, "percent_covered_display": "20", "missing_lines": 10, "excluded_lines": 0, "num_branches": 6, "num_partial_branches": 0, "covered_branches": 0, "missing_branches": 6}, "missing_lines": [256, 257, 260, 261, 263, 264, 266, 267, 268, 272], "excluded_lines": [], "executed_branches": [], "missing_branches": [[256, 257], [256, 260], [260, 261], [260, 263], [263, 264], [263, 266]]}, "": {"executed_lines": [1, 3, 4, 5, 6, 7, 8, 9, 11, 12, 13, 14, 15, 18, 36, 39, 40, 41, 42, 43, 45, 46, 47, 52, 53, 54, 66, 67, 68, 69, 70, 71, 72, 73, 74, 77, 78, 81, 82, 140, 141, 166, 167, 195, 196, 222, 223, 247, 248], "summary": {"covered_lines": 49, "num_statements": 49, "percent_covered": 100.0, "percent_covered_display": "100", "missing_lines": 0, "excluded_lines": 0, "num_branches": 0, "num_partial_branches": 0, "covered_branches": 0, "missing_branches": 0}, "missing_lines": [], "excluded_lines": [], "executed_branches": [], "missing_branches": []}}, "classes": {"UserCreateRequest": {"executed_lines": [48, 49, 50, 56, 60, 61, 62, 63], "summary": {"covered_lines": 8, "num_statements": 8, "percent_covered": 91.66666666666667, "percent_covered_display": "92", "missing_lines": 0, "excluded_lines": 0, "num_branches": 4, "num_partial_branches": 1, "covered_branches": 3, "missing_branches": 1}, "missing_lines": [], "excluded_lines": [], "executed_branches": [[48, 49], [61, 62], [61, 63]], "missing_branches": [[48, 50]]}, "UserResponse": {"executed_lines": [], "summary": {"covered_lines": 0, "num_statements": 0, "percent_covered": 100.0, "percent_covered_display": "100", "missing_lines": 0, "excluded_lines": 0, "num_branches": 0, "num_partial_branches": 0, "covered_branches": 0, "missing_branches": 0}, "missing_lines": [], "excluded_lines": [], "executed_branches": [], "missing_branches": []}, "UserListResponse": {"executed_lines": [], "summary": {"covered_lines": 0, "num_statements": 0, "percent_covered": 100.0, "percent_covered_display": "100", "missing_lines": 0, "excluded_lines": 0, "num_branches": 0, "num_partial_branches": 0, "covered_branches": 0, "missing_branches": 0}, "missing_lines": [], "excluded_lines": [], "executed_branches": [], "missing_branches": []}, "": {"executed_lines": [1, 3, 4, 5, 6, 7, 8, 9, 11, 12, 13, 14, 15, 18, 27, 28, 29, 31, 33, 36, 39, 40, 41, 42, 43, 45, 46, 47, 52, 53, 54, 66, 67, 68, 69, 70, 71, 72, 73, 74, 77, 78, 81, 82, 92, 93, 98, 99, 102, 111, 126, 127, 140, 141, 149, 150, 166, 167, 174, 177, 180, 181, 195, 196, 202, 203, 222, 223, 229, 230, 242, 243, 247, 248, 254, 255, 269, 270], "summary": {"covered_lines": 78, "num_statements": 116, "percent_covered": 57.333333333333336, "percent_covered_display": "57", "missing_lines": 38, "excluded_lines": 0, "num_branches": 34, "num_partial_branches": 4, "covered_branches": 8, "missing_branches": 26}, "missing_lines": [30, 32, 34, 103, 104, 107, 108, 112, 113, 116, 129, 152, 153, 155, 178, 182, 204, 205, 208, 209, 211, 231, 232, 235, 236, 239, 240, 241, 256, 257, 260, 261, 263, 264, 266, 267, 268, 272], "excluded_lines": [], "executed_branches": [[27, 28], [27, 29], [29, 31], [31, 33], [33, -18], [92, 93], [92, 98], [177, 180]], "missing_branches": [[29, 30], [31, 32], [33, 34], [103, 104], [103, 107], [107, 108], [107, 111], [112, 113], [112, 116], [152, 153], [152, 155], [177, 178], [204, 205], [204, 208], [208, 209], [208, 211], [231, 232], [231, 235], [235, 236], [235, 239], [256, 257], [256, 260], [260, 261], [260, 263], [263, 264], [263, 266]]}}}, "src/adapters/audit/exporter.py": {"executed_lines": [1, 2, 3, 6, 7, 12, 13, 14, 16, 17, 18, 19, 22], "summary": {"covered_lines": 12, "num_statements": 12, "percent_covered": 100.0, "percent_covered_display": "100", "missing_lines": 0, "excluded_lines": 0, "num_branches": 2, "num_partial_branches": 0, "covered_branches": 2, "missing_branches": 0}, "missing_lines": [], "excluded_lines": [], "executed_branches": [[18, -16], [18, 19]], "missing_branches": [], "functions": {"FileAuditExporter.__init__": {"executed_lines": [13, 14], "summary": {"covered_lines": 2, "num_statements": 2, "percent_covered": 100.0, "percent_covered_display": "100", "missing_lines": 0, "excluded_lines": 0, "num_branches": 0, "num_partial_branches": 0, "covered_branches": 0, "missing_branches": 0}, "missing_lines": [], "excluded_lines": [], "executed_branches": [], "missing_branches": []}, "FileAuditExporter.export": {"executed_lines": [17, 18, 19], "summary": {"covered_lines": 3, "num_statements": 3, "percent_covered": 100.0, "percent_covered_display": "100", "missing_lines": 0, "excluded_lines": 0, "num_branches": 2, "num_partial_branches": 0, "covered_branches": 2, "missing_branches": 0}, "missing_lines": [], "excluded_lines": [], "executed_branches": [[18, -16], [18, 19]], "missing_branches": []}, "": {"executed_lines": [1, 2, 3, 6, 7, 12, 16, 22], "summary": {"covered_lines": 7, "num_statements": 7, "percent_covered": 100.0, "percent_covered_display": "100", "missing_lines": 0, "excluded_lines": 0, "num_branches": 0, "num_partial_branches": 0, "covered_branches": 0, "missing_branches": 0}, "missing_lines": [], "excluded_lines": [], "executed_branches": [], "missing_branches": []}}, "classes": {"FileAuditExporter": {"executed_lines": [13, 14, 17, 18, 19], "summary": {"covered_lines": 5, "num_statements": 5, "percent_covered": 100.0, "percent_covered_display": "100", "missing_lines": 0, "excluded_lines": 0, "num_branches": 2, "num_partial_branches": 0, "covered_branches": 2, "missing_branches": 0}, "missing_lines": [], "excluded_lines": [], "executed_branches": [[18, -16], [18, 19]], "missing_branches": []}, "": {"executed_lines": [1, 2, 3, 6, 7, 12, 16, 22], "summary": {"covered_lines": 7, "num_statements": 7, "percent_covered": 100.0, "percent_covered_display": "100", "missing_lines": 0, "excluded_lines": 0, "num_branches": 0, "num_partial_branches": 0, "covered_branches": 0, "missing_branches": 0}, "missing_lines": [], "excluded_lines": [], "executed_branches": [], "missing_branches": []}}}, "src/adapters/docs/embed_docs_freshness.py": {"executed_lines": [1, 8, 10, 11, 14, 24, 25, 27, 28, 31, 32, 34, 35, 37, 38, 39, 42, 43, 44, 45, 46, 49], "summary": {"covered_lines": 21, "num_statements": 28, "percent_covered": 69.44444444444444, "percent_covered_display": "69", "missing_lines": 7, "excluded_lines": 0, "num_branches": 8, "num_partial_branches": 4, "covered_branches": 4, "missing_branches": 4}, "missing_lines": [26, 29, 30, 33, 36, 40, 41], "excluded_lines": [], "executed_branches": [[25, 27], [32, 34], [35, 37], [42, 43]], "missing_branches": [[25, 26], [32, 33], [35, 36], [42, 44]], "functions": {"assert_embed_docs_fresh": {"executed_lines": [24, 25, 27, 28, 31, 32, 34, 35, 37, 38, 39, 42, 43, 44, 45, 46], "summary": {"covered_lines": 16, "num_statements": 23, "percent_covered": 64.51612903225806, "percent_covered_display": "65", "missing_lines": 7, "excluded_lines": 0, "num_branches": 8, "num_partial_branches": 4, "covered_branches": 4, "missing_branches": 4}, "missing_lines": [26, 29, 30, 33, 36, 40, 41], "excluded_lines": [], "executed_branches": [[25, 27], [32, 34], [35, 37], [42, 43]], "missing_branches": [[25, 26], [32, 33], [35, 36], [42, 44]]}, "": {"executed_lines": [1, 8, 10, 11, 14, 49], "summary": {"covered_lines": 5, "num_statements": 5, "percent_covered": 100.0, "percent_covered_display": "100", "missing_lines": 0, "excluded_lines": 0, "num_branches": 0, "num_partial_branches": 0, "covered_branches": 0, "missing_branches": 0}, "missing_lines": [], "excluded_lines": [], "executed_branches": [], "missing_branches": []}}, "classes": {"": {"executed_lines": [1, 8, 10, 11, 14, 24, 25, 27, 28, 31, 32, 34, 35, 37, 38, 39, 42, 43, 44, 45, 46, 49], "summary": {"covered_lines": 21, "num_statements": 28, "percent_covered": 69.44444444444444, "percent_covered_display": "69", "missing_lines": 7, "excluded_lines": 0, "num_branches": 8, "num_partial_branches": 4, "covered_branches": 4, "missing_branches": 4}, "missing_lines": [26, 29, 30, 33, 36, 40, 41], "excluded_lines": [], "executed_branches": [[25, 27], [32, 34], [35, 37], [42, 43]], "missing_branches": [[25, 26], [32, 33], [35, 36], [42, 44]]}}}, "src/adapters/docs/embed_docs_generator.py": {"executed_lines": [1, 6, 8, 9, 12, 13, 14, 15, 26, 27, 30], "summary": {"covered_lines": 10, "num_statements": 10, "percent_covered": 100.0, "percent_covered_display": "100", "missing_lines": 0, "excluded_lines": 0, "num_branches": 0, "num_partial_branches": 0, "covered_branches": 0, "missing_branches": 0}, "missing_lines": [], "excluded_lines": [], "executed_branches": [], "missing_branches": [], "functions": {"generate_embed_docs": {"executed_lines": [13, 14, 15, 26, 27], "summary": {"covered_lines": 5, "num_statements": 5, "percent_covered": 100.0, "percent_covered_display": "100", "missing_lines": 0, "excluded_lines": 0, "num_branches": 0, "num_partial_branches": 0, "covered_branches": 0, "missing_branches": 0}, "missing_lines": [], "excluded_lines": [], "executed_branches": [], "missing_branches": []}, "": {"executed_lines": [1, 6, 8, 9, 12, 30], "summary": {"covered_lines": 5, "num_statements": 5, "percent_covered": 100.0, "percent_covered_display": "100", "missing_lines": 0, "excluded_lines": 0, "num_branches": 0, "num_partial_branches": 0, "covered_branches": 0, "missing_branches": 0}, "missing_lines": [], "excluded_lines": [], "executed_branches": [], "missing_branches": []}}, "classes": {"": {"executed_lines": [1, 6, 8, 9, 12, 13, 14, 15, 26, 27, 30], "summary": {"covered_lines": 10, "num_statements": 10, "percent_covered": 100.0, "percent_covered_display": "100", "missing_lines": 0, "excluded_lines": 0, "num_branches": 0, "num_partial_branches": 0, "covered_branches": 0, "missing_branches": 0}, "missing_lines": [], "excluded_lines": [], "executed_branches": [], "missing_branches": []}}}, "src/adapters/logging/middleware.py": {"executed_lines": [1, 19, 21, 22, 23, 24, 26, 27, 29, 32, 33, 34, 36, 37, 40, 41, 42, 43, 45, 46, 47, 49, 51, 52, 53, 54, 58, 59, 61, 62, 63, 66, 69, 83, 84, 85, 86, 87, 88, 90, 93], "summary": {"covered_lines": 40, "num_statements": 43, "percent_covered": 91.11111111111111, "percent_covered_display": "91", "missing_lines": 3, "excluded_lines": 0, "num_branches": 2, "num_partial_branches": 1, "covered_branches": 1, "missing_branches": 1}, "missing_lines": [55, 56, 89], "excluded_lines": [], "executed_branches": [[88, 90]], "missing_branches": [[88, 89]], "functions": {"InMemoryStructuredLogSink.__init__": {"executed_lines": [34], "summary": {"covered_lines": 1, "num_statements": 1, "percent_covered": 100.0, "percent_covered_display": "100", "missing_lines": 0, "excluded_lines": 0, "num_branches": 0, "num_partial_branches": 0, "covered_branches": 0, "missing_branches": 0}, "missing_lines": [], "excluded_lines": [], "executed_branches": [], "missing_branches": []}, "InMemoryStructuredLogSi
[...]
_branches": [[17, 18], [18, 19]], "missing_branches": [[17, 20], [18, 17]], "functions": {"FeatureFlagService.__init__": {"executed_lines": [10], "summary": {"covered_lines": 1, "num_statements": 1, "percent_covered": 100.0, "percent_covered_display": "100", "missing_lines": 0, "excluded_lines": 0, "num_branches": 0, "num_partial_branches": 0, "covered_branches": 0, "missing_branches": 0}, "missing_lines": [], "excluded_lines": [], "executed_branches": [], "missing_branches": []}, "FeatureFlagService.upsert_flag": {"executed_lines": [13], "summary": {"covered_lines": 1, "num_statements": 1, "percent_covered": 100.0, "percent_covered_display": "100", "missing_lines": 0, "excluded_lines": 0, "num_branches": 0, "num_partial_branches": 0, "covered_branches": 0, "missing_branches": 0}, "missing_lines": [], "excluded_lines": [], "executed_branches": [], "missing_branches": []}, "FeatureFlagService.is_enabled": {"executed_lines": [16, 17, 18, 19], "summary": {"covered_lines": 4, "num_statements": 5, "percent_covered": 66.66666666666667, "percent_covered_display": "67", "missing_lines": 1, "excluded_lines": 0, "num_branches": 4, "num_partial_branches": 2, "covered_branches": 2, "missing_branches": 2}, "missing_lines": [20], "excluded_lines": [], "executed_branches": [[17, 18], [18, 19]], "missing_branches": [[17, 20], [18, 17]]}, "": {"executed_lines": [1, 3, 5, 8, 9, 12, 15, 23], "summary": {"covered_lines": 8, "num_statements": 8, "percent_covered": 100.0, "percent_covered_display": "100", "missing_lines": 0, "excluded_lines": 0, "num_branches": 0, "num_partial_branches": 0, "covered_branches": 0, "missing_branches": 0}, "missing_lines": [], "excluded_lines": [], "executed_branches": [], "missing_branches": []}}, "classes": {"FeatureFlagService": {"executed_lines": [10, 13, 16, 17, 18, 19], "summary": {"covered_lines": 6, "num_statements": 7, "percent_covered": 72.72727272727273, "percent_covered_display": "73", "missing_lines": 1, "excluded_lines": 0, "num_branches": 4, "num_partial_branches": 2, "covered_branches": 2, "missing_branches": 2}, "missing_lines": [20], "excluded_lines": [], "executed_branches": [[17, 18], [18, 19]], "missing_branches": [[17, 20], [18, 17]]}, "": {"executed_lines": [1, 3, 5, 8, 9, 12, 15, 23], "summary": {"covered_lines": 8, "num_statements": 8, "percent_covered": 100.0, "percent_covered_display": "100", "missing_lines": 0, "excluded_lines": 0, "num_branches": 0, "num_partial_branches": 0, "covered_branches": 0, "missing_branches": 0}, "missing_lines": [], "excluded_lines": [], "executed_branches": [], "missing_branches": []}}}, "src/services/invitations_service.py": {"executed_lines": [1, 3, 4, 5, 6, 8, 9, 10, 13, 14, 15, 16, 17, 19, 23, 42, 43, 44, 45, 47, 48, 52, 54, 56, 61, 62, 64, 76, 77, 78, 79, 80, 81, 82, 83, 88, 90, 91, 95], "summary": {"covered_lines": 39, "num_statements": 69, "percent_covered": 53.84615384615385, "percent_covered_display": "54", "missing_lines": 30, "excluded_lines": 0, "num_branches": 22, "num_partial_branches": 6, "covered_branches": 10, "missing_branches": 12}, "missing_lines": [21, 29, 37, 38, 39, 40, 49, 50, 51, 57, 58, 59, 60, 63, 65, 66, 67, 68, 69, 70, 71, 72, 73, 74, 75, 84, 85, 86, 87, 92], "excluded_lines": [], "executed_branches": [[45, 47], [45, 54], [48, 52], [54, 56], [54, 62], [56, 61], [62, 64], [64, 76], [81, 82], [83, 88]], "missing_branches": [[38, 39], [38, 40], [48, 49], [56, 57], [62, 63], [64, 65], [68, 69], [68, 70], [71, 72], [71, 75], [81, 83], [83, 84]], "functions": {"InvitationService.__init__": {"executed_lines": [15, 16, 17], "summary": {"covered_lines": 3, "num_statements": 3, "percent_covered": 100.0, "percent_covered_display": "100", "missing_lines": 0, "excluded_lines": 0, "num_branches": 0, "num_partial_branches": 0, "covered_branches": 0, "missing_branches": 0}, "missing_lines": [], "excluded_lines": [], "executed_branches": [], "missing_branches": []}, "InvitationService.initiate": {"executed_lines": [], "summary": {"covered_lines": 0, "num_statements": 1, "percent_covered": 0.0, "percent_covered_display": "0", "missing_lines": 1, "excluded_lines": 0, "num_branches": 0, "num_partial_branches": 0, "covered_branches": 0, "missing_branches": 0}, "missing_lines": [21], "excluded_lines": [], "executed_branches": [], "missing_branches": []}, "InvitationService.create_invitation": {"executed_lines": [], "summary": {"covered_lines": 0, "num_statements": 5, "percent_covered": 0.0, "percent_covered_display": "0", "missing_lines": 5, "excluded_lines": 0, "num_branches": 2, "num_partial_branches": 0, "covered_branches": 0, "missing_branches": 2}, "missing_lines": [29, 37, 38, 39, 40], "excluded_lines": [], "executed_branches": [], "missing_branches": [[38, 39], [38, 40]]}, "InvitationService.accept": {"executed_lines": [43, 44, 45, 47, 48, 52, 54, 56, 61, 62, 64, 76, 77, 78, 79, 80, 81, 82, 83, 88], "summary": {"covered_lines": 20, "num_statements": 43, "percent_covered": 47.61904761904762, "percent_covered_display": "48", "missing_lines": 23, "excluded_lines": 0, "num_branches": 20, "num_partial_branches": 6, "covered_branches": 10, "missing_branches": 10}, "missing_lines": [49, 50, 51, 57, 58, 59, 60, 63, 65, 66, 67, 68, 69, 70, 71, 72, 73, 74, 75, 84, 85, 86, 87], "excluded_lines": [], "executed_branches": [[45, 47], [45, 54], [48, 52], [54, 56], [54, 62], [56, 61], [62, 64], [64, 76], [81, 82], [83, 88]], "missing_branches": [[48, 49], [56, 57], [62, 63], [64, 65], [68, 69], [68, 70], [71, 72], [71, 75], [81, 83], [83, 84]]}, "InvitationService.invitation_token_hash": {"executed_lines": [], "summary": {"covered_lines": 0, "num_statements": 1, "percent_covered": 0.0, "percent_covered_display": "0", "missing_lines": 1, "excluded_lines": 0, "num_branches": 0, "num_partial_branches": 0, "covered_branches": 0, "missing_branches": 0}, "missing_lines": [92], "excluded_lines": [], "executed_branches": [], "missing_branches": []}, "": {"executed_lines": [1, 3, 4, 5, 6, 8, 9, 10, 13, 14, 19, 23, 42, 90, 91, 95], "summary": {"covered_lines": 16, "num_statements": 16, "percent_covered": 100.0, "percent_covered_display": "100", "missing_lines": 0, "excluded_lines": 0, "num_branches": 0, "num_partial_branches": 0, "covered_branches": 0, "missing_branches": 0}, "missing_lines": [], "excluded_lines": [], "executed_branches": [], "missing_branches": []}}, "classes": {"InvitationService": {"executed_lines": [15, 16, 17, 43, 44, 45, 47, 48, 52, 54, 56, 61, 62, 64, 76, 77, 78, 79, 80, 81, 82, 83, 88], "summary": {"covered_lines": 23, "num_statements": 53, "percent_covered": 44.0, "percent_covered_display": "44", "missing_lines": 30, "excluded_lines": 0, "num_branches": 22, "num_partial_branches": 6, "covered_branches": 10, "missing_branches": 12}, "missing_lines": [21, 29, 37, 38, 39, 40, 49, 50, 51, 57, 58, 59, 60, 63, 65, 66, 67, 68, 69, 70, 71, 72, 73, 74, 75, 84, 85, 86, 87, 92], "excluded_lines": [], "executed_branches": [[45, 47], [45, 54], [48, 52], [54, 56], [54, 62], [56, 61], [62, 64], [64, 76], [81, 82], [83, 88]], "missing_branches": [[38, 39], [38, 40], [48, 49], [56, 57], [62, 63], [64, 65], [68, 69], [68, 70], [71, 72], [71, 75], [81, 83], [83, 84]]}, "": {"executed_lines": [1, 3, 4, 5, 6, 8, 9, 10, 13, 14, 19, 23, 42, 90, 91, 95], "summary": {"covered_lines": 16, "num_statements": 16, "percent_covered": 100.0, "percent_covered_display": "100", "missing_lines": 0, "excluded_lines": 0, "num_branches": 0, "num_partial_branches": 0, "covered_branches": 0, "missing_branches": 0}, "missing_lines": [], "excluded_lines": [], "executed_branches": [], "missing_branches": []}}}, "src/services/log_export_service.py": {"executed_lines": [1, 8, 10, 11, 12, 13, 16, 17, 18, 19, 20, 21, 24, 25, 37, 38, 39, 41, 63, 71, 81, 82, 85, 86, 89, 90, 91, 92, 95, 96, 97, 98, 100, 107, 117, 120, 124, 125, 128, 132, 135, 137, 168], "summary": {"covered_lines": 41, "num_statements": 60, "percent_covered": 60.97560975609756, "percent_covered_display": "61", "missing_lines": 19, "excluded_lines": 0, "num_branches": 22, "num_partial_branches": 5, "covered_branches": 9, "missing_branches": 13}, "missing_lines": [64, 121, 129, 133, 144, 145, 146, 147, 148, 150, 152, 155, 156, 157, 158, 160, 161, 163, 165], "excluded_lines": [], "executed_branches": [[63, 71], [90, 91], [90, 95], [97, 98], [120, 124], [124, 125], [124, 128], [128, 132], [132, 135]], "missing_branches": [[63, 64], [97, 100], [120, 121], [128, 129], [132, 133], [145, 146], [145, 165], [147, 148], [147, 150], [155, 156], [155, 157], [157, 158], [157, 160]], "functions": {"LogExportService.__init__": {"executed_lines": [38, 39], "summary": {"covered_lines": 2, "num_statements": 2, "percent_covered": 100.0, "percent_covered_display": "100", "missing_lines": 0, "excluded_lines": 0, "num_branches": 0, "num_partial_branches": 0, "covered_branches": 0, "missing_branches": 0}, "missing_lines": [], "excluded_lines": [], "executed_branches": [], "missing_branches": []}, "LogExportService.export_latest": {"executed_lines": [63, 71, 81, 82, 85, 86, 89, 90, 91, 92, 95, 96, 97, 98, 100], "summary": {"covered_lines": 15, "num_statements": 16, "percent_covered": 86.36363636363636, "percent_covered_display": "86", "missing_lines": 1, "excluded_lines": 0, "num_branches": 6, "num_partial_branches": 2, "covered_branches": 4, "missing_branches": 2}, "missing_lines": [64], "excluded_lines": [], "executed_branches": [[63, 71], [90, 91], [90, 95], [97, 98]], "missing_branches": [[63, 64], [97, 100]]}, "LogExportService._apply_filters": {"executed_lines": [117, 120, 124, 125, 128, 132, 135], "summary": {"covered_lines": 7, "num_statements": 10, "percent_covered": 66.66666666666667, "percent_covered_display": "67", "missing_lines": 3, "excluded_lines": 0, "num_branches": 8, "num_partial_branches": 3, "covered_branches": 5, "missing_branches": 3}, "missing_lines": [121, 129, 133], "excluded_lines": [], "executed_branches": [[120, 124], [124, 125], [124, 128], [128, 132], [132, 135]], "missing_branches": [[120, 121], [128, 129], [132, 133]]}, "LogExportService._filter_by_time": {"executed_lines": [], "summary": {"covered_lines": 0, "num_statements": 15, "percent_covered": 0.0, "percent_covered_display": "0", "missing_lines": 15, "excluded_lines": 0, "num_branches": 8, "num_partial_branches": 0, "covered_branches": 0, "missing_branches": 8}, "missing_lines": [144, 145, 146, 147, 148, 150, 152, 155, 156, 157, 158, 160, 161, 163, 165], "excluded_lines": [], "executed_branches": [], "missing_branches": [[145, 146], [145, 165], [147, 148], [147, 150], [155, 156], [155, 157], [157, 158], [157, 160]]}, "": {"executed_lines": [1, 8, 10, 11, 12, 13, 16, 17, 18, 19, 20, 21, 24, 25, 37, 41, 107, 137, 168], "summary": {"covered_lines": 17, "num_statements": 17, "percent_covered": 100.0, "percent_covered_display": "100", "missing_lines": 0, "excluded_lines": 0, "num_branches": 0, "num_partial_branches": 0, "covered_branches": 0, "missing_branches": 0}, "missing_lines": [], "excluded_lines": [], "executed_branches": [], "missing_branches": []}}, "classes": {"LogExportResult": {"executed_lines": [], "summary": {"covered_lines": 0, "num_statements": 0, "percent_covered": 100.0, "percent_covered_display": "100", "missing_lines": 0, "excluded_lines": 0, "num_branches": 0, "num_partial_branches": 0, "covered_branches": 0, "missing_branches": 0}, "missing_lines": [], "excluded_lines": [], "executed_branches": [], "missing_branches": []}, "LogExportService": {"executed_lines": [38, 39, 63, 71, 81, 82, 85, 86, 89, 90, 91, 92, 95, 96, 97, 98, 100, 117, 120, 124, 125, 128, 132, 135], "summary": {"covered_lines": 24, "num_statements": 43, "percent_covered": 50.76923076923077, "percent_covered_display": "51", "missing_lines": 19, "excluded_lines": 0, "num_branches": 22, "num_partial_branches": 5, "covered_branches": 9, "missing_branches": 13}, "missing_lines": [64, 121, 129, 133, 144, 145, 146, 147, 148, 150, 152, 155, 156, 157, 158, 160, 161, 163, 165], "excluded_lines": [], "executed_branches": [[63, 71], [90, 91], [90, 95], [97, 98], [120, 124], [124, 125], [124, 128], [128, 132], [132, 135]], "missing_branches": [[63, 64], [97, 100], [120, 121], [128, 129], [132, 133], [145, 146], [145, 165], [147, 148], [147, 150], [155, 156], [155, 157], [157, 158], [157, 160]]}, "": {"executed_lines": [1, 8, 10, 11, 12, 13, 16, 17, 18, 19, 20, 21, 24, 25, 37, 41, 107, 137, 168], "summary": {"covered_lines": 17, "num_statements": 17, "percent_covered": 100.0, "percent_covered_display": "100", "missing_lines": 0, "excluded_lines": 0, "num_branches": 0, "num_partial_branches": 0, "covered_branches": 0, "missing_branches": 0}, "missing_lines": [], "excluded_lines": [], "executed_branches": [], "missing_branches": []}}}, "src/services/rate_limiter.py": {"executed_lines": [1, 2, 3, 4, 5, 8, 9, 10, 11, 12, 13, 16, 17, 18, 19, 20, 21, 23, 43], "summary": {"covered_lines": 18, "num_statements": 35, "percent_covered": 43.90243902439025, "percent_covered_display": "44", "missing_lines": 17, "excluded_lines": 0, "num_branches": 6, "num_partial_branches": 0, "covered_branches": 0, "missing_branches": 6}, "missing_lines": [24, 25, 26, 27, 28, 30, 31, 32, 33, 34, 35, 36, 37, 38, 39, 40, 41], "excluded_lines": [], "executed_branches": [], "missing_branches": [[26, 27], [26, 30], [33, 34], [33, 36], [37, 38], [37, 41]], "functions": {"RateLimiter.__init__": {"executed_lines": [18, 19, 20, 21], "summary": {"covered_lines": 4, "num_statements": 4, "percent_covered": 100.0, "percent_covered_display": "100", "missing_lines": 0, "excluded_lines": 0, "num_branches": 0, "num_partial_branches": 0, "covered_branches": 0, "missing_branches": 0}, "missing_lines": [], "excluded_lines": [], "executed_branches": [], "missing_branches": []}, "RateLimiter.allow": {"executed_lines": [], "summary": {"covered_lines": 0, "num_statements": 17, "percent_covered": 0.0, "percent_covered_display": "0", "missing_lines": 17, "excluded_lines": 0, "num_branches": 6, "num_partial_branches": 0, "covered_branches": 0, "missing_branches": 6}, "missing_lines": [24, 25, 26, 27, 28, 30, 31, 32, 33, 34, 35, 36, 37, 38, 39, 40, 41], "excluded_lines": [], "executed_branches": [], "missing_branches": [[26, 27], [26, 30], [33, 34], [33, 36], [37, 38], [37, 41]]}, "": {"executed_lines": [1, 2, 3, 4, 5, 8, 9, 10, 11, 12, 13, 16, 17, 23, 43], "summary": {"covered_lines": 14, "num_statements": 14, "percent_covered": 100.0, "percent_covered_display": "100", "missing_lines": 0, "excluded_lines": 0, "num_branches": 0, "num_partial_branches": 0, "covered_branches": 0, "missing_branches": 0}, "missing_lines": [], "excluded_lines": [], "executed_branches": [], "missing_branches": []}}, "classes": {"Bucket": {"executed_lines": [], "summary": {"covered_lines": 0, "num_statements": 0, "percent_covered": 100.0, "percent_covered_display": "100", "missing_lines": 0, "excluded_lines": 0, "num_branches": 0, "num_partial_branches": 0, "covered_branches": 0, "missing_branches": 0}, "missing_lines": [], "excluded_lines": [], "executed_branches": [], "missing_branches": []}, "RateLimiter": {"executed_lines": [18, 19, 20, 21], "summary": {"covered_lines": 4, "num_statements": 21, "percent_covered": 14.814814814814815, "percent_covered_display": "15", "missing_lines": 17, "excluded_lines": 0, "num_branches": 6, "num_partial_branches": 0, "covered_branches": 0, "missing_branches": 6}, "missing_lines": [24, 25, 26, 27, 28, 30, 31, 32, 33, 34, 35, 36, 37, 38, 39, 40, 41], "excluded_lines": [], "executed_branches": [], "missing_branches": [[26, 27], [26, 30], [33, 34], [33, 36], [37, 38], [37, 41]]}, "": {"executed_lines": [1, 2, 3, 4, 5, 8, 9, 10, 11, 12, 13, 16, 17, 23, 43], "summary": {"covered_lines": 14, "num_statements": 14, "percent_covered": 100.0, "percent_covered_display": "100", "missing_lines": 0, "excluded_lines": 0, "num_branches": 0, "num_partial_branches": 0, "covered_branches": 0, "missing_branches": 0}, "missing_lines": [], "excluded_lines": [], "executed_branches": [], "missing_branches": []}}}, "src/services/user_lifecycle_service.py": {"executed_lines": [1, 3, 4, 6, 9, 10, 11, 12, 14, 16, 17, 18, 20, 21, 22, 23, 24, 30, 31, 32, 35, 37, 38, 39, 41, 42, 43, 44, 45, 46, 47, 53, 54, 55, 58, 61], "summary": {"covered_lines": 36, "num_statements": 50, "percent_covered": 71.875, "percent_covered_display": "72", "missing_lines": 14, "excluded_lines": 0, "num_branches": 14, "num_partial_branches": 4, "covered_branches": 10, "missing_branches": 4}, "missing_lines": [19, 25, 26, 27, 28, 33, 34, 40, 48, 49, 50, 51, 56, 57], "excluded_lines": [], "executed_branches": [[18, 20], [24, 30], [31, 32], [31, 35], [39, 41], [41, 42], [41, 43], [47, 53], [54, 55], [54, 58]], "missing_branches": [[18, 19], [24, 25], [39, 40], [47, 48]], "functions": {"UserLifecycleService.__init__": {"executed_lines": [11, 12, 14], "summary": {"covered_lines": 3, "num_statements": 3, "percent_covered": 100.0, "percent_covered_display": "100", "missing_lines": 0, "excluded_lines": 0, "num_branches": 0, "num_partial_branches": 0, "covered_branches": 0, "missing_branches": 0}, "missing_lines": [], "excluded_lines": [], "executed_branches": [], "missing_branches": []}, "UserLifecycleService.disable": {"executed_lines": [17, 18, 20, 21, 22, 23, 24, 30, 31, 32, 35], "summary": {"covered_lines": 11, "num_statements": 18, "percent_covered": 62.5, "percent_covered_display": "62", "missing_lines": 7, "excluded_lines": 0, "num_branches": 6, "num_partial_branches": 2, "covered_branches": 4, "missing_branches": 2}, "missing_lines": [19, 25, 26, 27, 28, 33, 34], "excluded_lines": [], "executed_branches": [[18, 20], [24, 30], [31, 32], [31, 35]], "missing_branches": [[18, 19], [24, 25]]}, "UserLifecycleService.restore": {"executed_lines": [38, 39, 41, 42, 43, 44, 45, 46, 47, 53, 54, 55, 58], "summary": {"covered_lines": 13, "num_statements": 20, "percent_covered": 67.85714285714286, "percent_covered_display": "68", "missing_lines": 7, "excluded_lines": 0, "num_branches": 8, "num_partial_branches": 2, "covered_branches": 6, "missing_branches": 2}, "missing_lines": [40, 48, 49, 50, 51, 56, 57], "excluded_lines": [], "executed_branches": [[39, 41], [41, 42], [41, 43], [47, 53], [54, 55], [54, 58]], "missing_branches": [[39, 40], [47, 48]]}, "": {"executed_lines": [1, 3, 4, 6, 9, 10, 16, 37, 61], "summary": {"covered_lines": 9, "num_statements": 9, "percent_covered": 100.0, "percent_covered_display": "100", "missing_lines": 0, "excluded_lines": 0, "num_branches": 0, "num_partial_branches": 0, "covered_branches": 0, "missing_branches": 0}, "missing_lines": [], "excluded_lines": [], "executed_branches": [], "missing_branches": []}}, "classes": {"UserLifecycleService": {"executed_lines": [11, 12, 14, 17, 18, 20, 21, 22, 23, 24, 30, 31, 32, 35, 38, 39, 41, 42, 43, 44, 45, 46, 47, 53, 54, 55, 58], "summary": {"covered_lines": 27, "num_statements": 41, "percent_covered": 67.27272727272727, "percent_covered_display": "67", "missing_lines": 14, "excluded_lines": 0, "num_branches": 14, "num_partial_branches": 4, "covered_branches": 10, "missing_branches": 4}, "missing_lines": [19, 25, 26, 27, 28, 33, 34, 40, 48, 49, 50, 51, 56, 57], "excluded_lines": [], "executed_branches": [[18, 20], [24, 30], [31, 32], [31, 35], [39, 41], [41, 42], [41, 43], [47, 53], [54, 55], [54, 58]], "missing_branches": [[18, 19], [24, 25], [39, 40], [47, 48]]}, "": {"executed_lines": [1, 3, 4, 6, 9, 10, 16, 37, 61], "summary": {"covered_lines": 9, "num_statements": 9, "percent_covered": 100.0, "percent_covered_display": "100", "missing_lines": 0, "excluded_lines": 0, "num_branches": 0, "num_partial_branches": 0, "covered_branches": 0, "missing_branches": 0}, "missing_lines": [], "excluded_lines": [], "executed_branches": [], "missing_branches": []}}}}, "totals": {"covered_lines": 2771, "num_statements": 3275, "percent_covered": 81.24198101103413, "percent_covered_display": "81", "missing_lines": 504, "excluded_lines": 156, "num_branches": 622, "num_partial_branches": 111, "covered_branches": 395, "missing_branches": 227}}